[    0.000000] Initializing cgroup subsys cpuset
[    0.000000] Initializing cgroup subsys cpu
[    0.000000] Initializing cgroup subsys cpuacct
[    0.000000] Linux version 4.4.0-186-generic (buildd@lcy01-amd64-002) (gcc version 5.4.0 20160609 (Ubuntu 5.4.0-6ubuntu1~16.04.12) ) #216-Ubuntu SMP Wed Jul 1 05:34:05 UTC 2020 (Ubuntu 4.4.0-186.216-generic 4.4.228)
[    0.000000] Command line: BOOT_IMAGE=/boot/vmlinuz-4.4.0-186-generic root=LABEL=cloudimg-rootfs ro console=tty1 console=ttyS0
[    0.000000] KERNEL supported cpus:
[    0.000000]   Intel GenuineIntel
[    0.000000]   AMD AuthenticAMD
[    0.000000]   Centaur CentaurHauls
[    0.000000] x86/fpu: xstate_offset[2]:  576, xstate_sizes[2]:  256
[    0.000000] x86/fpu: Supporting XSAVE feature 0x01: 'x87 floating point registers'
[    0.000000] x86/fpu: Supporting XSAVE feature 0x02: 'SSE registers'
[    0.000000] x86/fpu: Supporting XSAVE feature 0x04: 'AVX registers'
[    0.000000] x86/fpu: Enabled xstate features 0x7, context size is 832 bytes, using 'standard' format.
[    0.000000] e820: BIOS-provided physical RAM map:
[    0.000000] BIOS-e820: [mem 0x0000000000000000-0x000000000009fbff] usable
[    0.000000] BIOS-e820: [mem 0x000000000009fc00-0x000000000009ffff] reserved
[    0.000000] BIOS-e820: [mem 0x00000000000f0000-0x00000000000fffff] reserved
[    0.000000] BIOS-e820: [mem 0x0000000000100000-0x00000000bffeffff] usable
[    0.000000] BIOS-e820: [mem 0x00000000bfff0000-0x00000000bfffffff] ACPI data
[    0.000000] BIOS-e820: [mem 0x00000000fec00000-0x00000000fec00fff] reserved
[    0.000000] BIOS-e820: [mem 0x00000000fee00000-0x00000000fee00fff] reserved
[    0.000000] BIOS-e820: [mem 0x00000000fffc0000-0x00000000ffffffff] reserved
[    0.000000] NX (Execute Disable) protection: active
[    0.000000] SMBIOS 2.5 present.
[    0.000000] Hypervisor detected: KVM
[    0.000000] e820: last_pfn = 0xbfff0 max_arch_pfn = 0x400000000
[    0.000000] MTRR: Disabled
[    0.000000] x86/PAT: MTRRs disabled, skipping PAT initialization too.
[    0.000000] CPU MTRRs all blank - virtualized system.
[    0.000000] x86/PAT: Configuration [0-7]: WB  WT  UC- UC  WB  WT  UC- UC  
[    0.000000] found SMP MP-table at [mem 0x0009fff0-0x0009ffff] mapped at [ffff88000009fff0]
[    0.000000] Scanning 1 areas for low memory corruption
[    0.000000] RAMDISK: [mem 0x362e0000-0x37167fff]
[    0.000000] ACPI: Early table checksum verification disabled
[    0.000000] ACPI: RSDP 0x00000000000E0000 000024 (v02 VBOX  )
[    0.000000] ACPI: XSDT 0x00000000BFFF0030 00003C (v01 VBOX   VBOXXSDT 00000001 ASL  00000061)
[    0.000000] ACPI: FACP 0x00000000BFFF00F0 0000F4 (v04 VBOX   VBOXFACP 00000001 ASL  00000061)
[    0.000000] ACPI: DSDT 0x00000000BFFF0470 002325 (v02 VBOX   VBOXBIOS 00000002 INTL 20100528)
[    0.000000] ACPI: FACS 0x00000000BFFF0200 000040
[    0.000000] ACPI: FACS 0x00000000BFFF0200 000040
[    0.000000] ACPI: APIC 0x00000000BFFF0240 00005C (v02 VBOX   VBOXAPIC 00000001 ASL  00000061)
[    0.000000] ACPI: SSDT 0x00000000BFFF02A0 0001CC (v01 VBOX   VBOXCPUT 00000002 INTL 20100528)
[    0.000000] No NUMA configuration found
[    0.000000] Faking a node at [mem 0x0000000000000000-0x00000000bffeffff]
[    0.000000] NODE_DATA(0) allocated [mem 0xbffeb000-0xbffeffff]
[    0.000000] kvm-clock: Using msrs 4b564d01 and 4b564d00
[    0.000000] kvm-clock: cpu 0, msr 0:bffe3001, primary cpu clock
[    0.000000] kvm-clock: using sched offset of 3735516991 cycles
[    0.000000] clocksource: kvm-clock: mask: 0xffffffffffffffff max_cycles: 0x1cd42e4dffb, max_idle_ns: 881590591483 ns
[    0.000000] Zone ranges:
[    0.000000]   DMA      [mem 0x0000000000001000-0x0000000000ffffff]
[    0.000000]   DMA32    [mem 0x0000000001000000-0x00000000bffeffff]
[    0.000000]   Normal   empty
[    0.000000]   Device   empty
[    0.000000] Movable zone start for each node
[    0.000000] Early memory node ranges
[    0.000000]   node   0: [mem 0x0000000000001000-0x000000000009efff]
[    0.000000]   node   0: [mem 0x0000000000100000-0x00000000bffeffff]
[    0.000000] Initmem setup node 0 [mem 0x0000000000001000-0x00000000bffeffff]
[    0.000000] ACPI: PM-Timer IO Port: 0x4008
[    0.000000] IOAPIC[0]: apic_id 2, version 32, address 0xfec00000, GSI 0-23
[    0.000000] ACPI: INT_SRC_OVR (bus 0 bus_irq 0 global_irq 2 dfl dfl)
[    0.000000] ACPI: INT_SRC_OVR (bus 0 bus_irq 9 global_irq 9 low level)
[    0.000000] Using ACPI (MADT) for SMP configuration information
[    0.000000] smpboot: Allowing 2 CPUs, 0 hotplug CPUs
[    0.000000] PM: Registered nosave memory: [mem 0x00000000-0x00000fff]
[    0.000000] PM: Registered nosave memory: [mem 0x0009f000-0x0009ffff]
[    0.000000] PM: Registered nosave memory: [mem 0x000a0000-0x000effff]
[    0.000000] PM: Registered nosave memory: [mem 0x000f0000-0x000fffff]
[    0.000000] e820: [mem 0xc0000000-0xfebfffff] available for PCI devices
[    0.000000] Booting paravirtualized kernel on KVM
[    0.000000] clocksource: refined-jiffies: mask: 0xffffffff max_cycles: 0xffffffff, max_idle_ns: 7645519600211568 ns
[    0.000000] setup_percpu: NR_CPUS:512 nr_cpumask_bits:512 nr_cpu_ids:2 nr_node_ids:1
[    0.000000] PERCPU: Embedded 33 pages/cpu @ffff8800bfa00000 s95512 r8192 d31464 u1048576
[    0.000000] Built 1 zonelists in Node order, mobility grouping on.  Total pages: 774008
[    0.000000] Policy zone: DMA32
[    0.000000] Kernel command line: BOOT_IMAGE=/boot/vmlinuz-4.4.0-186-generic root=LABEL=cloudimg-rootfs ro console=tty1 console=ttyS0
[    0.000000] PID hash table entries: 4096 (order: 3, 32768 bytes)
[    0.000000] Memory: 3062052K/3145272K available (8636K kernel code, 1337K rwdata, 4040K rodata, 1492K init, 1296K bss, 83220K reserved, 0K cma-reserved)
[    0.000000] SLUB: HWalign=64, Order=0-3, MinObjects=0, CPUs=2, Nodes=1
[    0.000000] Kernel/User page tables isolation: enabled
[    0.000000] Hierarchical RCU implementation.
[    0.000000] 	Build-time adjustment of leaf fanout to 64.
[    0.000000] 	RCU restricting CPUs from NR_CPUS=512 to nr_cpu_ids=2.
[    0.000000] RCU: Adjusting geometry for rcu_fanout_leaf=64, nr_cpu_ids=2
[    0.000000] NR_IRQS:33024 nr_irqs:440 16
[    0.000000] Console: colour VGA+ 80x25
[    0.000000] console [tty1] enabled
[    0.000000] console [ttyS0] enabled
[    0.000000] tsc: Detected 1895.612 MHz processor
[    0.229039] Calibrating delay loop (skipped) preset value.. 3791.22 BogoMIPS (lpj=7582448)
[    0.231401] pid_max: default: 32768 minimum: 301
[    0.232716] ACPI: Core revision 20150930
[    0.235277] ACPI: 2 ACPI AML tables successfully acquired and loaded
[    0.237189] Security Framework initialized
[    0.238371] Yama: becoming mindful.
[    0.239442] AppArmor: AppArmor initialized
[    0.241628] Dentry cache hash table entries: 524288 (order: 10, 4194304 bytes)
[    0.245433] Inode-cache hash table entries: 262144 (order: 9, 2097152 bytes)
[    0.247620] Mount-cache hash table entries: 8192 (order: 4, 65536 bytes)
[    0.249358] Mountpoint-cache hash table entries: 8192 (order: 4, 65536 bytes)
[    0.252094] Initializing cgroup subsys io
[    0.253321] Initializing cgroup subsys memory
[    0.254562] Initializing cgroup subsys devices
[    0.256018] Initializing cgroup subsys freezer
[    0.257516] Initializing cgroup subsys net_cls
[    0.259006] Initializing cgroup subsys perf_event
[    0.260611] Initializing cgroup subsys net_prio
[    0.262127] Initializing cgroup subsys hugetlb
[    0.263639] Initializing cgroup subsys pids
[    0.274866] mce: CPU supports 0 MCE banks
[    0.276327] Last level iTLB entries: 4KB 1024, 2MB 1024, 4MB 1024
[    0.278241] Last level dTLB entries: 4KB 1024, 2MB 1024, 4MB 1024, 1GB 4
[    0.280323] Spectre V1 : Mitigation: usercopy/swapgs barriers and __user pointer sanitization
[    0.283131] Spectre V2 : Mitigation: Full generic retpoline
[    0.284945] Spectre V2 : Spectre v2 / SpectreRSB mitigation: Filling RSB on context switch
[    0.287702] Speculative Store Bypass: Vulnerable
[    0.289239] SRBDS: Unknown: Dependent on hypervisor status
[    0.291131] MDS: Mitigation: Clear CPU buffers
[    0.296827] Freeing SMP alternatives memory: 36K
[    0.307531] ftrace: allocating 32334 entries in 127 pages
[    0.399100] smpboot: APIC(0) Converting physical 0 to logical package 0
[    0.401268] smpboot: Max logical packages: 1
[    0.403088] x2apic enabled
[    0.404514] Switched APIC routing to physical x2apic.
[    0.407792] ..TIMER: vector=0x30 apic1=0 pin1=2 apic2=-1 pin2=-1
[    0.517816] smpboot: CPU0: Intel(R) Core(TM) i3-4025U CPU @ 1.90GHz (family: 0x6, model: 0x45, stepping: 0x1)
[    0.521275] Performance Events: unsupported p6 CPU model 69 no PMU driver, software events only.
[    0.542894] KVM setup paravirtual spinlock
[    0.545439] x86: Booting SMP configuration:
[    0.547125] .... node  #0, CPUs:      #1
[    0.548601] kvm-clock: cpu 1, msr 0:bffe3041, secondary cpu clock
[    0.559594] mce: CPU supports 0 MCE banks
[    0.562317] x86: Booted up 1 node, 2 CPUs
[    0.564049] smpboot: Total of 2 processors activated (7582.44 BogoMIPS)
[    0.566575] devtmpfs: initialized
[    0.570144] evm: security.selinux
[    0.571408] evm: security.SMACK64
[    0.572618] evm: security.SMACK64EXEC
[    0.573949] evm: security.SMACK64TRANSMUTE
[    0.575406] evm: security.SMACK64MMAP
[    0.576703] evm: security.ima
[    0.577821] evm: security.capability
[    0.579425] clocksource: jiffies: mask: 0xffffffff max_cycles: 0xffffffff, max_idle_ns: 7645041785100000 ns
[    0.582578] futex hash table entries: 512 (order: 3, 32768 bytes)
[    0.584689] pinctrl core: initialized pinctrl subsystem
[    0.586551] RTC time: 13:38:59, date: 08/06/20
[    0.588421] NET: Registered protocol family 16
[    0.598447] cpuidle: using governor ladder
[    0.610547] cpuidle: using governor menu
[    0.611972] PCCT header not found.
[    0.613344] ACPI: bus type PCI registered
[    0.614759] acpiphp: ACPI Hot Plug PCI Controller Driver version: 0.5
[    0.616926] PCI: Using configuration type 1 for base access
[    0.632247] ACPI: Added _OSI(Module Device)
[    0.633733] ACPI: Added _OSI(Processor Device)
[    0.635290] ACPI: Added _OSI(3.0 _SCP Extensions)
[    0.637099] ACPI: Added _OSI(Processor Aggregator Device)
[    0.639933] ACPI: Executed 1 blocks of module-level executable AML code
[    0.645185] ACPI: Interpreter enabled
[    0.646562] ACPI: (supports S0 S5)
[    0.647801] ACPI: Using IOAPIC for interrupt routing
[    0.649665] PCI: Using host bridge windows from ACPI; if necessary, use "pci=nocrs" and report a bug
[    0.658118] ACPI: PCI Root Bridge [PCI0] (domain 0000 [bus 00-ff])
[    0.660074] acpi PNP0A03:00: _OSC: OS supports [ASPM ClockPM Segments MSI]
[    0.662724] acpi PNP0A03:00: _OSC: not requesting OS control; OS requires [ExtendedConfig ASPM ClockPM MSI]
[    0.665869] acpi PNP0A03:00: fail to add MMCONFIG information, can't access extended PCI configuration space under this bridge.
[    0.669995] PCI host bridge to bus 0000:00
[    0.671405] pci_bus 0000:00: root bus resource [io  0x0000-0x0cf7 window]
[    0.673492] pci_bus 0000:00: root bus resource [io  0x0d00-0xffff window]
[    0.675633] pci_bus 0000:00: root bus resource [mem 0x000a0000-0x000bffff window]
[    0.678199] pci_bus 0000:00: root bus resource [mem 0xc0000000-0xfdffffff window]
[    0.680761] pci_bus 0000:00: root bus resource [bus 00-ff]
[    0.685512] pci 0000:00:01.1: legacy IDE quirk: reg 0x10: [io  0x01f0-0x01f7]
[    0.687751] pci 0000:00:01.1: legacy IDE quirk: reg 0x14: [io  0x03f6]
[    0.704097] pci 0000:00:01.1: legacy IDE quirk: reg 0x18: [io  0x0170-0x0177]
[    0.706302] pci 0000:00:01.1: legacy IDE quirk: reg 0x1c: [io  0x0376]
[    0.768270] pci 0000:00:07.0: quirk: [io  0x4000-0x403f] claimed by PIIX4 ACPI
[    0.770849] pci 0000:00:07.0: quirk: [io  0x4100-0x410f] claimed by PIIX4 SMB
[    0.813815] ACPI: PCI Interrupt Link [LNKA] (IRQs 5 9 10 *11)
[    0.817895] ACPI: PCI Interrupt Link [LNKB] (IRQs 5 9 *10 11)
[    0.820617] ACPI: PCI Interrupt Link [LNKC] (IRQs 5 *9 10 11)
[    0.823901] ACPI: PCI Interrupt Link [LNKD] (IRQs 5 9 10 *11)
[    0.827500] ACPI: Enabled 2 GPEs in block 00 to 07
[    0.830578] vgaarb: setting as boot device: PCI:0000:00:02.0
[    0.832721] vgaarb: device added: PCI:0000:00:02.0,decodes=io+mem,owns=io+mem,locks=none
[    0.835339] vgaarb: loaded
[    0.836261] vgaarb: bridge control possible 0000:00:02.0
[    0.838128] SCSI subsystem initialized
[    0.839644] ACPI: bus type USB registered
[    0.841060] usbcore: registered new interface driver usbfs
[    0.843051] usbcore: registered new interface driver hub
[    0.844860] usbcore: registered new device driver usb
[    0.847363] PCI: Using ACPI for IRQ routing
[    0.849874] NetLabel: Initializing
[    0.851360] NetLabel:  domain hash size = 128
[    0.853068] NetLabel:  protocols = UNLABELED CIPSOv4
[    0.855044] NetLabel:  unlabeled traffic allowed by default
[    0.857322] amd_nb: Cannot enumerate AMD northbridges
[    0.859375] clocksource: Switched to clocksource kvm-clock
[    0.874346] AppArmor: AppArmor Filesystem Enabled
[    0.876407] pnp: PnP ACPI init
[    0.879370] pnp: PnP ACPI: found 3 devices
[    0.895820] clocksource: acpi_pm: mask: 0xffffff max_cycles: 0xffffff, max_idle_ns: 2085701024 ns
[    0.899289] NET: Registered protocol family 2
[    0.901416] TCP established hash table entries: 32768 (order: 6, 262144 bytes)
[    0.904338] TCP bind hash table entries: 32768 (order: 7, 524288 bytes)
[    0.907517] TCP: Hash tables configured (established 32768 bind 32768)
[    0.909715] UDP hash table entries: 2048 (order: 4, 65536 bytes)
[    0.911814] UDP-Lite hash table entries: 2048 (order: 4, 65536 bytes)
[    0.914180] NET: Registered protocol family 1
[    0.915845] pci 0000:00:00.0: Limiting direct PCI/PCI transfers
[    0.918873] pci 0000:00:01.0: Activating ISA DMA hang workarounds
[    0.921446] Unpacking initramfs...
[    1.250311] Freeing initrd memory: 14880K
[    1.251966] RAPL PMU detected, API unit is 2^-32 Joules, 4 fixed counters 10737418240 ms ovfl timer
[    1.254930] hw unit of domain pp0-core 2^-0 Joules
[    1.256845] hw unit of domain package 2^-0 Joules
[    1.258434] hw unit of domain dram 2^-0 Joules
[    1.259976] hw unit of domain pp1-gpu 2^-0 Joules
[    1.261598] clocksource: tsc: mask: 0xffffffffffffffff max_cycles: 0x36a5f58a5e2, max_idle_ns: 881590593810 ns
[    1.264928] platform rtc_cmos: registered platform RTC device (no PNP device found)
[    1.267603] Scanning for low memory corruption every 60 seconds
[    1.270075] audit: initializing netlink subsys (disabled)
[    1.271961] audit: type=2000 audit(1596721145.365:1): initialized
[    1.274326] Initialise system trusted keyring
[    1.276799] HugeTLB registered 2 MB page size, pre-allocated 0 pages
[    1.280925] zbud: loaded
[    1.282529] VFS: Disk quotas dquot_6.6.0
[    1.284021] VFS: Dquot-cache hash table entries: 512 (order 0, 4096 bytes)
[    1.286530] squashfs: version 4.0 (2009/01/31) Phillip Lougher
[    1.288884] fuse init (API version 7.23)
[    1.290465] Key type big_key registered
[    1.291851] Allocating IMA MOK and blacklist keyrings.
[    1.294989] Key type asymmetric registered
[    1.296478] Asymmetric key parser 'x509' registered
[    1.298155] Block layer SCSI generic (bsg) driver version 0.4 loaded (major 249)
[    1.300880] io scheduler noop registered
[    1.302262] io scheduler deadline registered (default)
[    1.303982] io scheduler cfq registered
[    1.305555] pci_hotplug: PCI Hot Plug PCI Core version: 0.5
[    1.307365] pciehp: PCI Express Hot Plug Controller Driver version: 0.4
[    1.309661] ACPI: AC Adapter [AC] (on-line)
[    1.311182] input: Power Button as /devices/LNXSYSTM:00/LNXPWRBN:00/input/input0
[    1.313792] ACPI: Power Button [PWRF]
[    1.315195] input: Sleep Button as /devices/LNXSYSTM:00/LNXSLPBN:00/input/input1
[    1.318061] ACPI: Sleep Button [SLPF]
[    1.319780] GHES: HEST is not enabled!
[    1.321287] Serial: 8250/16550 driver, 32 ports, IRQ sharing enabled
[    1.344230] 00:02: ttyS0 at I/O 0x3f8 (irq = 4, base_baud = 115200) is a 16550A
[    1.348375] Linux agpgart interface v0.103
[    1.353095] loop: module loaded
[    1.355183] scsi host0: ata_piix
[    1.356658] scsi host1: ata_piix
[    1.357909] ata1: PATA max UDMA/33 cmd 0x1f0 ctl 0x3f6 bmdma 0xd000 irq 14
[    1.360071] ata2: PATA max UDMA/33 cmd 0x170 ctl 0x376 bmdma 0xd008 irq 15
[    1.362842] libphy: Fixed MDIO Bus: probed
[    1.364345] tun: Universal TUN/TAP device driver, 1.6
[    1.365995] tun: (C) 1999-2004 Max Krasnyansky <maxk@qualcomm.com>
[    1.367995] PPP generic driver version 2.4.2
[    1.369607] ehci_hcd: USB 2.0 'Enhanced' Host Controller (EHCI) Driver
[    1.371656] ehci-pci: EHCI PCI platform driver
[    1.373222] ehci-platform: EHCI generic platform driver
[    1.374950] ohci_hcd: USB 1.1 'Open' Host Controller (OHCI) Driver
[    1.376945] ohci-pci: OHCI PCI platform driver
[    1.378480] ohci-platform: OHCI generic platform driver
[    1.380237] uhci_hcd: USB Universal Host Controller Interface driver
[    1.382321] i8042: PNP: PS/2 Controller [PNP0303:PS2K,PNP0f03:PS2M] at 0x60,0x64 irq 1,12
[    1.385793] serio: i8042 KBD port at 0x60,0x64 irq 1
[    1.387452] serio: i8042 AUX port at 0x60,0x64 irq 12
[    1.389329] mousedev: PS/2 mouse device common for all mice
[    1.391796] rtc_cmos rtc_cmos: rtc core: registered rtc_cmos as rtc0
[    1.393930] rtc_cmos rtc_cmos: alarms up to one day, 114 bytes nvram
[    1.396014] input: AT Translated Set 2 keyboard as /devices/platform/i8042/serio0/input/input2
[    1.396140] i2c /dev entries driver
[    1.396223] device-mapper: uevent: version 1.0.3
[    1.399485] device-mapper: ioctl: 4.34.0-ioctl (2015-10-28) initialised: dm-devel@redhat.com
[    1.399509] ledtrig-cpu: registered to indicate activity on CPUs
[    1.399927] NET: Registered protocol family 10
[    1.400187] NET: Registered protocol family 17
[    1.400202] Key type dns_resolver registered
[    1.400548] registered taskstats version 1
[    1.400574] Loading compiled-in X.509 certificates
[    1.401610] Loaded X.509 cert 'Build time autogenerated kernel key: cef5e81496c0efa51b848ab539e845ddf31c08be'
[    1.401634] zswap: loaded using pool lzo/zbud
[    1.404083] Key type trusted registered
[    1.408340] Key type encrypted registered
[    1.408348] AppArmor: AppArmor sha1 policy hashing enabled
[    1.408353] ima: No TPM chip found, activating TPM-bypass!
[    1.408361] ima: Allocated hash algorithm: sha1
[    1.408382] evm: HMAC attrs: 0x1
[    1.408799]   Magic number: 0:422:634
[    1.409677] rtc_cmos rtc_cmos: setting system clock to 2020-08-06 13:39:00 UTC (1596721140)
[    1.409783] BIOS EDD facility v0.16 2004-Jun-25, 0 devices found
[    1.409784] EDD information not available.
[    1.562068] Freeing unused kernel memory: 1492K
[    1.563682] Write protecting the kernel read-only data: 14336k
[    1.566275] Freeing unused kernel memory: 1592K
[    1.568144] Freeing unused kernel memory: 56K
Loading, please wait...
starting version 229
[    1.590836] random: systemd-udevd: uninitialized urandom read (16 bytes read, 2 bits of entropy available)
[    1.592052] random: udevadm: uninitialized urandom read (16 bytes read, 2 bits of entropy available)
[    1.592092] random: udevadm: uninitialized urandom read (16 bytes read, 2 bits of entropy available)
[    1.600313] random: systemd-udevd: uninitialized urandom read (16 bytes read, 2 bits of entropy available)
[    1.603537] random: systemd-udevd: uninitialized urandom read (16 bytes read, 2 bits of entropy available)
[    1.605769] random: udevadm: uninitialized urandom read (16 bytes read, 2 bits of entropy available)
[    1.605842] random: udevadm: uninitialized urandom read (16 bytes read, 2 bits of entropy available)
[    1.606063] random: udevadm: uninitialized urandom read (16 bytes read, 2 bits of entropy available)
[    1.606147] random: udevadm: uninitialized urandom read (16 bytes read, 2 bits of entropy available)
[    1.606245] random: udevadm: uninitialized urandom read (16 bytes read, 2 bits of entropy available)
[    1.676216] e1000: Intel(R) PRO/1000 Network Driver - version 7.3.21-k8-NAPI
[    1.678119] e1000: Copyright (c) 1999-2006 Intel Corporation.
[    1.694680] Fusion MPT base driver 3.04.20
[    1.696355] Copyright (c) 1999-2008 LSI Corporation
[    1.712209] Fusion MPT SPI Host driver 3.04.20
[    1.717358] AVX2 version of gcm_enc/dec engaged.
[    1.718991] AES CTR mode by8 optimization enabled
[    1.906971] input: ImExPS/2 Generic Explorer Mouse as /devices/platform/i8042/serio1/input/input4
[    2.074888] e1000 0000:00:03.0 eth0: (PCI:33MHz:32-bit) 02:38:ee:24:c9:64
[    2.076832] e1000 0000:00:03.0 eth0: Intel(R) PRO/1000 Network Connection
[    3.044555] e1000 0000:00:08.0 eth1: (PCI:33MHz:32-bit) 08:00:27:bc:f1:89
[    3.046461] e1000 0000:00:08.0 eth1: Intel(R) PRO/1000 Network Connection
[    3.050617] e1000 0000:00:03.0 enp0s3: renamed from eth0
[    3.053186] mptbase: ioc0: Initiating bringup
[    3.067887] e1000 0000:00:08.0 enp0s8: renamed from eth1
[    3.255677] ioc0: LSI53C1030 A0: Capabilities={Initiator}
[    6.256144] scsi host2: ioc0: LSI53C1030 A0, FwRev=00000000h, Ports=1, MaxQ=256, IRQ=20
[    8.260325] scsi 2:0:0:0: Direct-Access     VBOX     HARDDISK         1.0  PQ: 0 ANSI: 5
[    8.276863] scsi target2:0:0: Beginning Domain Validation
[    8.280264] scsi target2:0:0: Domain Validation skipping write tests
[    8.281900] scsi target2:0:0: Ending Domain Validation
[    8.283377] scsi target2:0:0: asynchronous
[    8.285389] scsi 2:0:1:0: Direct-Access     VBOX     HARDDISK         1.0  PQ: 0 ANSI: 5
[    8.287677] scsi target2:0:1: Beginning Domain Validation
[    8.291025] scsi target2:0:1: Domain Validation skipping write tests
[    8.292693] scsi target2:0:1: Ending Domain Validation
[    8.294173] scsi target2:0:1: asynchronous
[    8.303878] sd 2:0:0:0: Attached scsi generic sg0 type 0
[    8.303943] sd 2:0:0:0: [sda] 20971520 512-byte logical blocks: (10.7 GB/10.0 GiB)
[    8.304192] sd 2:0:0:0: [sda] Write Protect is off
[    8.304371] sd 2:0:0:0: [sda] Incomplete mode parameter data
[    8.304374] sd 2:0:0:0: [sda] Assuming drive cache: write through
[    8.305669]  sda: sda1
[    8.306510] sd 2:0:0:0: [sda] Attached SCSI disk
[    8.315026] sd 2:0:1:0: Attached scsi generic sg1 type 0
[    8.315297] sd 2:0:1:0: [sdb] 20480 512-byte logical blocks: (10.5 MB/10.0 MiB)
[    8.315561] sd 2:0:1:0: [sdb] Write Protect is off
[    8.315722] sd 2:0:1:0: [sdb] Incomplete mode parameter data
[    8.315726] sd 2:0:1:0: [sdb] Assuming drive cache: write through
[    8.354081] sd 2:0:1:0: [sdb] Attached SCSI disk
Begin: Loading essential drivers ... [   10.712465] md: linear personality registered for level -1
[   10.718454] md: multipath personality registered for level -4
[   10.724446] md: raid0 personality registered for level 0
[   10.733121] md: raid1 personality registered for level 1
[   10.807423] raid6: sse2x1   gen()  5630 MB/s
[   10.875411] raid6: sse2x1   xor()  4390 MB/s
[   10.943428] raid6: sse2x2   gen()  5692 MB/s
[   11.011403] raid6: sse2x2   xor()  4032 MB/s
[   11.079405] raid6: sse2x4   gen()  8210 MB/s
[   11.147415] raid6: sse2x4   xor()  5792 MB/s
[   11.215422] raid6: avx2x1   gen() 10863 MB/s
[   11.283411] raid6: avx2x2   gen() 12606 MB/s
[   11.351425] raid6: avx2x4   gen() 14544 MB/s
[   11.352883] raid6: using algorithm avx2x4 gen() 14544 MB/s
[   11.354631] raid6: using avx2x2 recovery algorithm
[   11.358376] xor: automatically using best checksumming function:
[   11.475389]    avx       : 70664.000 MB/sec
[   11.478566] async_tx: api initialized (async)
[   11.493649] md: raid6 personality registered for level 6
[   11.495414] md: raid5 personality registered for level 5
[   11.497174] md: raid4 personality registered for level 4
[   11.508569] md: raid10 personality registered for level 10
done.
Begin: Running /scripts/init-premount ... done.
Begin: Mounting root file system ... Begin: Running /scripts/local-top ... done.
Begin: Running /scripts/local-premount ... [   11.561585] Btrfs loaded
Scanning for Btrfs filesystems
done.
Warning: fsck not present, so skipping root file system
[   11.604359] EXT4-fs (sda1): mounted filesystem with ordered data mode. Opts: (null)
done.
Begin: Running /scripts/local-bottom ... done.
Begin: Running /scripts/init-bottom ... done.
[   12.145686] systemd[1]: systemd 229 running in system mode. (+PAM +AUDIT +SELINUX +IMA +APPARMOR +SMACK +SYSVINIT +UTMP +LIBCRYPTSETUP +GCRYPT +GNUTLS +ACL +XZ -LZ4 +SECCOMP +BLKID +ELFUTILS +KMOD -IDN)
[   12.151496] systemd[1]: Detected virtualization oracle.
[   12.153195] systemd[1]: Detected architecture x86-64.

Welcome to [1mUbuntu 16.04.6 LTS[0m!

[   12.185421] systemd[1]: Set hostname to <ubuntu>.
[   12.211500] systemd[1]: Initializing machine ID from random generator.
[   12.213706] systemd[1]: Installed transient /etc/machine-id file.
[   12.559671] random: nonblocking pool is initialized
[   12.822553] systemd[1]: Listening on Journal Socket.
[[0;32m  OK  [0m] Listening on Journal Socket.
[   12.825525] systemd[1]: Started Forward Password Requests to Wall Directory Watch.
[[0;32m  OK  [0m] Started Forward Password Requests to Wall Directory Watch.
[   12.829604] systemd[1]: Reached target User and Group Name Lookups.
[[0;32m  OK  [0m] Reached target User and Group Name Lookups.
[   12.832889] systemd[1]: Listening on Device-mapper event daemon FIFOs.
[[0;32m  OK  [0m] Listening on Device-mapper event daemon FIFOs.
[   12.836250] systemd[1]: Listening on udev Kernel Socket.
[[0;32m  OK  [0m] Listening on udev Kernel Socket.
[   12.839036] systemd[1]: Reached target Swap.
[[0;32m  OK  [0m] Reached target Swap.
[   12.841602] systemd[1]: Listening on Journal Socket (/dev/log).
[[0;32m  OK  [0m] Listening on Journal Socket (/dev/log).
[   12.844719] systemd[1]: Listening on LVM2 poll daemon socket.
[[0;32m  OK  [0m] Listening on LVM2 poll daemon socket.
[   12.848161] systemd[1]: Created slice User and Session Slice.
[[0;32m  OK  [0m] Created slice User and Session Slice.
[   12.851178] systemd[1]: Listening on LVM2 metadata daemon socket.
[[0;32m  OK  [0m] Listening on LVM2 metadata daemon socket.
[   12.854446] systemd[1]: Listening on Journal Audit Socket.
[[0;32m  OK  [0m] Listening on Journal Audit Socket.
[   12.858037] systemd[1]: Listening on /dev/initctl Compatibility Named Pipe.
[[0;32m  OK  [0m] Listening on /dev/initctl Compatibility Named Pipe.
[   12.861610] systemd[1]: Reached target Encrypted Volumes.
[[0;32m  OK  [0m] Reached target Encrypted Volumes.
[   12.864476] systemd[1]: Listening on Syslog Socket.
[[0;32m  OK  [0m] Listening on Syslog Socket.
[   12.867323] systemd[1]: Set up automount Arbitrary Executable File Formats File System Automount Point.
[[0;32m  OK  [0m] Set up automount Arbitrary Executab...ats File System Automount Point.
[   12.872339] systemd[1]: Created slice System Slice.
[[0;32m  OK  [0m] Created slice System Slice.
[   12.887822] systemd[1]: Starting Create list of required static device nodes for the current kernel...
         Starting Create list of required st... nodes for the current kernel...
[   12.894190] systemd[1]: Starting Nameserver information manager...
         Starting Nameserver information manager...
[   12.897654] systemd[1]: Created slice system-serial\x2dgetty.slice.
[[0;32m  OK  [0m] Created slice system-serial\x2dgetty.slice.
[   12.902754] systemd[1]: Mounting Debug File System...
         Mounting Debug File System...
[   12.905506] systemd[1]: Reached target Slices.
[[0;32m  OK  [0m] Reached target Slices.
[   12.909748] systemd[1]: Starting Monitoring of LVM2 mirrors, snapshots etc. using dmeventd or progress polling...
         Starting Monitoring of LVM2 mirrors... dmeventd or progress polling...
[   12.916328] systemd[1]: Starting Remount Root and Kernel File Systems...
         Starting Remount Root and Kernel File Systems...
[   12.932316] systemd[1]: Mounting POSIX Message Queue File System...
[   12.934072] EXT4-fs (sda1): re-mounted. Opts: (null)
         Mounting POSIX Message Queue File System...
[   12.939530] systemd[1]: Starting Journal Service...
         Starting Journal Service...
[   12.943583] systemd[1]: Mounting Huge Pages File System...
         Mounting Huge Pages File System...
[   12.947000] systemd[1]: Listening on udev Control Socket.
[[0;32m  OK  [0m] Listening on udev Control Socket.
[   12.950945] systemd[1]: Starting Uncomplicated firewall...
         Starting Uncomplicated firewall...
[   12.953915] systemd[1]: Reached target System Time Synchronized.
[[0;32m  OK  [0m] Reached target System Time Synchronized.
[   12.958157] systemd[1]: Starting Set console keymap...
         Starting Set console keymap...
[   12.961046] systemd[1]: Started Trigger resolvconf update for networkd DNS.
[[0;32m  OK  [0m] Started Trigger resolvconf update for networkd DNS.
[   13.019793] systemd[1]: Starting Load Kernel Modules...
         Starting Load Kernel Modules...
[   13.026087] systemd[1]: Mounted Huge Pages File System.
[[0;32m  OK  [0m] Mounted Huge Pages File System.
[   13.029351] systemd[1]: Mounted POSIX Message Queue File System.
[[0;32m  OK  [0m] Mounted POSIX Message Queue File System.
[   13.032826] systemd[1]: Mounted Debug File System.
[[0;32m  OK  [0m] Mounted Debug File System.
[   13.036298] systemd[1]: Started Create list of required static device nodes for the current kernel.
[[0;32m  OK  [0m] Started Create list of required sta...ce nodes for the current kernel.
[   13.042697] systemd[1]: Started Remount Root and Kernel File Systems.
[[0;32m  OK  [0m] Started Remount Root and Kernel File Systems.
[   13.048762] systemd[1]: Starting Load/Save Random Seed...
         Starting Load/Save Random Seed...
[   13.056897] systemd[1]: Starting udev Coldplug all Devices...
         Starting udev Coldplug all Devices...
[   13.061254] systemd[1]: Starting Create Static Device Nodes in /dev...
         Starting Create Static Device Nodes in /dev...
[   13.070453] systemd[1]: Started Uncomplicated firewall.
[[0;32m  OK  [0m] Started Uncomplicated firewall.
[   13.074033] systemd[1]: Started Nameserver information manager.
[[0;32m  OK  [0m] Started Nameserver information manager.
[   13.078859] systemd[1]: Started Load/Save Random Seed.
[[0;32m  OK  [0m] Started Load/Save Random Seed.
[   13.116983] systemd[1]: Started Set console keymap.
[[0;32m  OK  [0m] Started Set console keymap.
[   13.130220] Loading iSCSI transport class v2.0-870.
[   13.168982] systemd[1]: Started Journal Service.
[[0;32m  OK  [0m] Started Journal Service.
         Starting Flush Journal to Persistent Storage...
[   13.202638] iscsi: registered transport (tcp)
[[0;32m  OK  [0m] Started udev Coldplug all Devices.
[[0;32m  OK  [0m] Started LVM2 metadata daemon.
[   13.308858] systemd-journald[381]: Received request to flush runtime journal from PID 1
[[0;32m  OK  [0m] Started Flush Journal to Persistent Storage.
[   13.365664] iscsi: registered transport (iser)
[[0;32m  OK  [0m] Started Load Kernel Modules.
         Starting Apply Kernel Variables...
         Mounting FUSE Control File System...
[[0;32m  OK  [0m] Mounted FUSE Control File System.
[[0;32m  OK  [0m] Started Create Static Device Nodes in /dev.
         Starting udev Kernel Device Manager...
[[0;32m  OK  [0m] Started Apply Kernel Variables.
[[0;32m  OK  [0m] Started Monitoring of LVM2 mirrors,...ng dmeventd or progress polling.
[[0;32m  OK  [0m] Reached target Local File Systems (Pre).
[[0;32m  OK  [0m] Reached target Local File Systems.
         Starting Create Volatile Files and Directories...
         Starting Initial cloud-init job (pre-networking)...
         Starting Set console font and keymap...
         Starting Tell Plymouth To Write Out Runtime Data...
         Starting Commit a transient machine-id on disk...
         Starting LSB: AppArmor initialization...
[[0;32m  OK  [0m] Started Create Volatile Files and Directories.
         Starting Update UTMP about System Boot/Shutdown...
[[0;32m  OK  [0m] Started udev Kernel Device Manager.
[[0;32m  OK  [0m] Started Commit a transient machine-id on disk.
[[0;32m  OK  [0m] Started Dispatch Password Requests to Console Directory Watch.
[[0;32m  OK  [0m] Started Update UTMP about System Boot/Shutdown.
[[0;32m  OK  [0m] Found device /dev/ttyS0.
[[0;32m  OK  [0m] Listening on Load/Save RF Kill Switch Status /dev/rfkill Watch.
[[0;32m  OK  [0m] Started Tell Plymouth To Write Out Runtime Data.
[[0;32m  OK  [0m] Started LSB: AppArmor initialization.
         Starting Load AppArmor profiles managed internally by snapd...
[[0;32m  OK  [0m] Started Load AppArmor profiles managed internally by snapd.
[[0;32m  OK  [0m] Started Set console font and keymap.
[[0;32m  OK  [0m] Created slice system-getty.slice.
[   16.727246] cloud-init[466]: Cloud-init v. 20.2-45-g5f7825e2-0ubuntu1~16.04.1 running 'init-local' at Thu, 06 Aug 2020 13:39:15 +0000. Up 16.23 seconds.
[[0;32m  OK  [0m] Started Initial cloud-init job (pre-networking).
[[0;32m  OK  [0m] Reached target Network (Pre).
         Starting Raise network interfaces...
[[0;32m  OK  [0m] Started Raise network interfaces.
         Starting Initial cloud-init job (metadata service crawler)...
[[0;32m  OK  [0m] Reached target Network.
[   19.606761] cloud-init[961]: Cloud-init v. 20.2-45-g5f7825e2-0ubuntu1~16.04.1 running 'init' at Thu, 06 Aug 2020 13:39:17 +0000. Up 17.61 seconds.
[   19.610110] cloud-init[961]: ci-info: ++++++++++++++++++++++++++++++++++++++Net device info+++++++++++++++++++++++++++++++++++++++
[   19.613303] cloud-init[961]: ci-info: +--------+-------+----------------------------+---------------+--------+-------------------+
[   19.616732] cloud-init[961]: ci-info: | Device |   Up  |          Address           |      Mask     | Scope  |     Hw-Address    |
[   19.619755] cloud-init[961]: ci-info: +--------+-------+----------------------------+---------------+--------+-------------------+
[   19.622770] cloud-init[961]: ci-info: | enp0s3 |  True |         10.0.2.15          | 255.255.255.0 | global | 02:38:ee:24:c9:64 |
[   19.625314] cloud-init[961]: ci-info: | enp0s3 |  True | fe80::38:eeff:fe24:c964/64 |       .       |  link  | 02:38:ee:24:c9:64 |
[   19.628080] cloud-init[961]: ci-info: | enp0s8 | False |             .              |       .       |   .    | 08:00:27:bc:f1:89 |
[   19.632726] cloud-init[961]: ci-info: |   lo   |  True |         127.0.0.1          |   255.0.0.0   |  host  |         .         |
[   19.635792] cloud-init[961]: ci-info: |   lo   |  True |          ::1/128           |       .       |  host  |         .         |
[   19.638900] cloud-init[961]: ci-info: +--------+-------+----------------------------+---------------+--------+-------------------+
[   19.641916] cloud-init[961]: ci-info: +++++++++++++++++++++++++++Route IPv4 info++++++++++++++++++++++++++++
[   19.644135] cloud-init[961]: ci-info: +-------+-------------+----------+---------------+-----------+-------+
[   19.646899] cloud-init[961]: ci-info: | Route | Destination | Gateway  |    Genmask    | Interface | Flags |
[   19.649056] cloud-init[961]: ci-info: +-------+-------------+----------+---------------+-----------+-------+
[   19.652615] cloud-init[961]: ci-info: |   0   |   0.0.0.0   | 10.0.2.2 |    0.0.0.0    |   enp0s3  |   UG  |
[   19.655314] cloud-init[961]: ci-info: |   1   |   10.0.2.0  | 0.0.0.0  | 255.255.255.0 |   enp0s3  |   U   |
[   19.658062] cloud-init[961]: ci-info: +-------+-------------+----------+---------------+-----------+-------+
[   19.660587] cloud-init[961]: ci-info: +++++++++++++++++++Route IPv6 info+++++++++++++++++++
[   19.664690] cloud-init[961]: ci-info: +-------+-------------+---------+-----------+-------+
[   19.667024] cloud-init[961]: ci-info: | Route | Destination | Gateway | Interface | Flags |
[   19.684643] cloud-init[961]: ci-info: +-------+-------------+---------+-----------+-------+
[   19.686399] cloud-init[961]: ci-info: |   0   |  fe80::/64  |    ::   |   enp0s3  |   U   |
[   19.688976] cloud-init[961]: ci-info: |   3   |   ff00::/8  |    ::   |   enp0s3  |   U   |
[   19.691547] cloud-init[961]: ci-info: +-------+-------------+---------+-----------+-------+
[   19.693634] cloud-init[961]: Generating public/private rsa key pair.
[   19.695438] cloud-init[961]: Your identification has been saved in /etc/ssh/ssh_host_rsa_key.
[   19.712740] cloud-init[961]: Your public key has been saved in /etc/ssh/ssh_host_rsa_key.pub.
[   19.715544] cloud-init[961]: The key fingerprint is:
[   19.717753] cloud-init[961]: SHA256:rggqoLfgUfmlGXHMcEfz7CqGmX8M7Rt0wsMWAWgPA44 root@ubuntu-xenial
[   19.720748] cloud-init[961]: The key's randomart image is:
[   19.722809] cloud-init[961]: +---[RSA 2048]----+
[   19.725039] cloud-init[961]: |   ....oo=       |
[   19.727114] cloud-init[961]: |  o  == . =      |
[   19.729281] cloud-init[961]: | E ...++ . o     |
[   19.731340] cloud-init[961]: |    . o.o o      |
[   19.733385] cloud-init[961]: |   o . .SB o     |
[   19.735658] cloud-init[961]: |. . . Ooo.=      |[[0;32m  OK  [0m] Started Initial cloud-init job (metadata service crawler).
[[0;32m  OK  [0m] Reached target Cloud-config availability.
[[0;32m  OK  [0m] Reached target Network is Online.

[   19.741044] cloud-init[961]: |+..  B o=o       |
[   19.742882] cloud-init[961]: |+oo. .o..+.      |
[   19.744218] cloud-init[961]: |oo... .....      |
[   19.745594] cloud-init[961]: +----[SHA256]-----+
[   19.746967] cloud-init[961]: Generating public/private dsa key pair.
[   19.748679] cloud-init[961]: Your identification has been saved in /etc/ssh/ssh_host_dsa_key.
[   19.750620] cloud-init[961]: Your public key has been saved in /etc/ssh/ssh_host_dsa_key.pub.
[   19.752684] cloud-init[961]: The key fingerprint is:
[   19.754582] cloud-init[961]: SHA256:8v0scyaGFKVtt3xHqeFcBgVaSswxV5LbNJ68w57N40I root@ubuntu-xenial
[   19.763974]          Starting iSCSI initiator daemon (iscsid)...
[[0;32m  OK  [0m] Reached target System Initialization.
cloud-init[961]: The key's randomart image is:
[   19.768284] [[0;32m  OK  [0m] Listening on UUID daemon activation socket.
[[0;32m  OK  [0m] Started Daily Cleanup of Temporary Directories.
[[0;32m  OK  [0m] Listening on D-Bus System Message Bus Socket.
         Starting Socket activation for snappy daemon.
[[0;32m  OK  [0m] Started Message of the Day.
[[0;32m  OK  [0m] Started Daily apt download activities.
[[0;32m  OK  [0m] Started Daily apt upgrade and clean activities.
[[0;32m  OK  [0m] Reached target Timers.
cloud-init[961]: +---[DSA 1024]----+
[   19.777970] cloud-init[961]: |          o+.==o |
[   19.780410] cloud-init[961]: |          oo*o.o |
[   19.782308] cloud-init[961]: |         + o  B +|
[   19.784473] cloud-init[961]: |        o o .o O.|
[   19.786580] cloud-init[961]: |      . So oo.*..|
[   19.789271] cloud-init[961]: |       o..  oE.+.|
[   19.791059] cloud-init[961]: |       .... ...o+|
[   19.793021] cloud-init[961]: |        . =oo. +o|
[   19.795018] cloud-init[961]: |         . *o o..|
[   19.796487]          cloud-initStarting LXD - unix socket.[961]: 
+----[SHA256]-----+
[   19.797292] cloud-init[961]: Generating public/private ecdsa key pair.
[   19.814722] cloud-init[961]: Your identification has been saved in /etc/ssh/ssh_host_ecdsa_key.
[   19.818043] cloud-init[961]: Your public key has been saved in /etc/ssh/ssh_host_ecdsa_key.pub.
[   19.828540] cloud-init[961]: The key fingerprint is:
[   19.830312] cloud-init[961]: SHA256:pBvQ5kwPEeyuSMvqkaSamOC5Bx37M5JrYeoRacvF78s root@ubuntu-xenial
[   19.833030] cloud-init[961]: The key's randomart image is:
[   19.834647] cloud-init[961]: +---[ECDSA 256]---+
[   19.835986] cloud-init[961]: |     .o.         |
[   19.837340] cloud-init[961]: |     ...         |
[   19.838744] cloud-init[961]: |    ..= .        |
[   19.840463] cloud-init[961]: |  o. *.=         |
[   19.842348] cloud-init[961]: | =.oo.= S        |
[   19.843743] cloud-init[961]: |=.*=. .o         |
[   19.845038] cloud-init[961]: |oO+o+o.          |
[   19.846829] cloud-init[961]: |=+B=++           |
[   19.847883] cloud-init[961]: |OB+.oE+          |
[   19.849318] cloud-init[961]: +----[SHA256]-----+
[   19.850442] cloud-init[961]: Generating public/private ed25519 key pair.
[   19.852237] cloud-init[961]: Your identification has been saved in /etc/ssh/ssh_host_ed25519_key.
[   19.854459] cloud-init[961]: Your public key has been saved in /etc/ssh/ssh_host_ed25519_key.pub.
[   19.856321] cloud-init[961]: The key fingerprint is:
[   19.858052] cloud-init[961]: SHA256:fD5GFiFFCk243ZSaaSqvupCvX4J4lTXLt2kic3SuWFc root@ubuntu-xenial
[   19.860090] cloud-init[961]: The key's randomart image is:
[   19.887186] [[0;32m  OK  [0m] Started ACPI Events Check.
[[0;32m  OK  [0m] Reached target Paths.
[[0;32m  OK  [0m] Listening on ACPID Listen Socket.
cloud-init[961]: [[0;32m  OK  [0m] Listening on Socket activation for snappy daemon.
[[0;32m  OK  [0m] Listening on LXD - unix socket.
[[0;32m  OK  [0m] Reached target Sockets.
[[0;32m  OK  [0m] Reached target Basic System.
+--[ED25519 256]--+
[   19.900407] cloud-init[961]: |      .+oo+.     |
[   19.901822] cloud-init[961]: |      ...oo.     |
[   19.904210] cloud-init[961]: |      oo.*.      |
[   19.905719] cloud-init[961]: |     +.+* ..     |
[   19.907466] cloud-init[961]: |    o +oS E      |
[   19.909312] cloud-init[961]: |.o ....+ O       |
[   19.911082] cloud-init[961]: |= o +o+ * +      |
[   19.913847] cloud-init[961]: | + o *.= . .     |
[   19.915783] cloud-init[961]: |.o=oo..          |
[   19.917180] cloud-init[961]: +----[SHA256]-----+
[[0;32m  OK  [0m] Started Regular background program processing daemon.
[[0;32m  OK  [0m] Started ACPI event daemon.
[[0;32m  OK  [0m] Started D-Bus System Message Bus.
         Starting Virtualbox guest utils...
         Starting LSB: MD monitoring daemon...
         Starting Pollinate to seed the pseudo random number generator...
[[0;32m  OK  [0m] Started Deferred execution scheduler.
         Starting /etc/rc.local Compatibility...
[[0;32m  OK  [0m] Started FUSE filesystem for LXC.
         Starting LXD - container startup/shutdown...
         Starting LSB: Record successful boot for GRUB...
         Starting Login Service...
         Starting Accounts Service...
         Starting System Logging Service...
         Starting Snap Daemon...
[[0;32m  OK  [0m] Started /etc/rc.local Compatibility.
[[0;32m  OK  [0m] Started Login Service.
[[0;32m  OK  [0m] Started Unattended Upgrades Shutdown.
[[0;32m  OK  [0m] Started System Logging Service.
[[0;32m  OK  [0m] Started LSB: MD monitoring daemon.
[[0;32m  OK  [0m] Started iSCSI initiator daemon (iscsid).
         Starting Login to default iSCSI targets...
[[0;32m  OK  [0m] Started Login to default iSCSI targets.
[[0;32m  OK  [0m] Reached target Remote File Systems (Pre).
[[0;32m  OK  [0m] Reached target Remote File Systems.
         Starting Permit User Sessions...
         Starting LSB: daemon to balance interrupts for SMP systems...
         Starting LSB: Set the CPU Frequency Scaling governor to "ondemand"...
         Starting LSB: automatic crash report generation...
[[0;32m  OK  [0m] Started Permit User Sessions.
         Starting Terminate Plymouth Boot Screen...
         Starting Hold until boot process finishes up...
[[0;32m  OK  [0m] Started Terminate Plymouth Boot Screen.
[[0;32m  OK  [0m] Started Hold until boot process finishes up.
[[0;32m  OK  [0m] Started LSB: Set the CPU Frequency Scaling governor to "ondemand".
[[0;32m  OK  [0m] Started Serial Getty on ttyS0.
         Starting Set console scheme...
[[0;32m  OK  [0m] Started Getty on tty1.
[[0;32m  OK  [0m] Reached target Login Prompts.
[[0;32m  OK  [0m] Started LSB: daemon to balance interrupts for SMP systems.
[[0;32m  OK  [0m] Started Set console scheme.
[[0;32m  OK  [0m] Started LSB: automatic crash report generation.
[[0;32m  OK  [0m] Started LSB: Record successful boot for GRUB.
         Starting Authenticate and Authorize Users to Run Privileged Tasks...
[[0;32m  OK  [0m] Started Authenticate and Authorize Users to Run Privileged Tasks.
[[0;32m  OK  [0m] Started Accounts Service.
[[0;32m  OK  [0m] Started Virtualbox guest utils.
[[0;32m  OK  [0m] Started LXD - container startup/shutdown.
[[0;32m  OK  [0m] Started Snap Daemon.
         Starting Wait until snapd is fully seeded...
[[0;32m  OK  [0m] Started Wait until snapd is fully seeded.
         Starting Apply the settings specified in cloud-config...
[[0;32m  OK  [0m] Started Pollinate to seed the pseudo random number generator.
         Starting OpenBSD Secure Shell server...
[[0;32m  OK  [0m] Started OpenBSD Secure Shell server.
[[0;32m  OK  [0m] Reached target Multi-User System.
[[0;32m  OK  [0m] Reached target Graphical Interface.
         Starting Update UTMP about System Runlevel Changes...
[[0;32m  OK  [0m] Started Update UTMP about System Runlevel Changes.
[   24.601662] cloud-init[1293]: Generating locales (this might take a while)...
[[0;32m  OK  [0m] Created slice User Slice of vagrant.
         Starting User Manager for UID 1000...
[[0;32m  OK  [0m] Started Session 1 of user vagrant.
[[0;32m  OK  [0m] Started User Manager for UID 1000.
[   26.307772] cloud-init[1293]:   en_US.UTF-8... done
[   26.309455] cloud-init[1293]: Generation complete.

Ubuntu 16.04.6 LTS ubuntu-xenial ttyS0

ubuntu-xenial login: [   28.159823] cloud-init[1293]: Cloud-init v. 20.2-45-g5f7825e2-0ubuntu1~16.04.1 running 'modules:config' at Thu, 06 Aug 2020 13:39:23 +0000. Up 24.13 seconds.
ci-info: no authorized SSH keys fingerprints found for user ubuntu.
<14>Aug  6 13:39:28 ec2: 
<14>Aug  6 13:39:28 ec2: #############################################################
<14>Aug  6 13:39:28 ec2: -----BEGIN SSH HOST KEY FINGERPRINTS-----
<14>Aug  6 13:39:28 ec2: 1024 SHA256:8v0scyaGFKVtt3xHqeFcBgVaSswxV5LbNJ68w57N40I root@ubuntu-xenial (DSA)
<14>Aug  6 13:39:28 ec2: 256 SHA256:pBvQ5kwPEeyuSMvqkaSamOC5Bx37M5JrYeoRacvF78s root@ubuntu-xenial (ECDSA)
<14>Aug  6 13:39:28 ec2: 256 SHA256:fD5GFiFFCk243ZSaaSqvupCvX4J4lTXLt2kic3SuWFc root@ubuntu-xenial (ED25519)
<14>Aug  6 13:39:28 ec2: 2048 SHA256:rggqoLfgUfmlGXHMcEfz7CqGmX8M7Rt0wsMWAWgPA44 root@ubuntu-xenial (RSA)
<14>Aug  6 13:39:28 ec2: -----END SSH HOST KEY FINGERPRINTS-----
<14>Aug  6 13:39:28 ec2: #############################################################
-----BEGIN SSH HOST KEY KEYS-----
ecdsa-sha2-nistp256 AAAAE2VjZHNhLXNoYTItbmlzdHAyNTYAAAAIbmlzdHAyNTYAAABBBBikNsqkzNF1p3x7QgL0krJzIXY7lLErU0Ol4h9y2vtNyLfMu1IL+hLTGKQP8w1fYQFdTRz1Wm85WuVoAFISdSA= root@ubuntu-xenial
ssh-ed25519 AAAAC3NzaC1lZDI1NTE5AAAAINJ9lCEWNk7N4TgyK2gyg5LdCDQ3x0CzQB4GJaMNtQVf root@ubuntu-xenial
ssh-rsa AAAAB3NzaC1yc2EAAAADAQABAAABAQCW2ciQU8haWKlgHyXaMwa/81OjvyoXqgomy7astoM+66qhDKpDOLkPcw69If1O9n/zwZQcN4w4Qdc6u7jo0GBWi5yRJ/NiBYAiCginsism2Pr85nPhJ640cT+1z7bwkHtmUylJhLxCmaeXvGL1hpoN5arl0F90arZ+iNZA3prBH3r7gOqD6uELCcFQyi1rckR60UewhmE/u3O1xzqhKhOI+jLV/bVP7/VE3/7Er9lMyNoKVMfdw2EbBqkYQ3EK7zX3ZUn+MUGH34IXqVGErjIyA5Is3aFShfa7+YBtDdBgQa3bj1/ClbaMImBLlDVqxIChCB7Mr/+vShWFsRKim8Lh root@ubuntu-xenial
-----END SSH HOST KEY KEYS-----
[   29.113239] cloud-init[1522]: Cloud-init v. 20.2-45-g5f7825e2-0ubuntu1~16.04.1 running 'modules:final' at Thu, 06 Aug 2020 13:39:28 +0000. Up 28.76 seconds.
[   29.113735] cloud-init[1522]: ci-info: no authorized SSH keys fingerprints found for user ubuntu.
[   29.115040] cloud-init[1522]: Cloud-init v. 20.2-45-g5f7825e2-0ubuntu1~16.04.1 finished at Thu, 06 Aug 2020 13:39:28 +0000. Datasource DataSourceNoCloud [seed=/dev/sdb][dsmode=net].  Up 29.10 seconds
[[0;32m  OK  [0m] Stopped target Cloud-init target.
[[0;32m  OK  [0m] Stopped target Graphical Interface.
         Stopping Authenticate and Authorize Users to Run Privileged Tasks...
[[0;32m  OK  [0m] Closed Load/Save RF Kill Switch Status /dev/rfkill Watch.
         Stopping User Manager for UID 1000...
[[0;32m  OK  [0m] Stopped target Timers.
[[0;32m  OK  [0m] Stopped Daily apt upgrade and clean activities.
         Stopping ACPI event daemon...
         Stopping Accounts Service...
[[0;32m  OK  [0m] Stopped Daily apt download activities.
[[0;32m  OK  [0m] Stopped Execute cloud user/final scripts.
[[0;32m  OK  [0m] Stopped Apply the settings specified in cloud-config.
[[0;32m  OK  [0m] Stopped target Cloud-config availability.
[[0;32m  OK  [0m] Stopped target Multi-User System.
         Stopping LXD - container startup/shutdown...
         Stopping Deferred execution scheduler...
         Stopping OpenBSD Secure Shell server...
[[0;32m  OK  [0m] Stopped Wait until snapd is fully seeded.
         Stopping LSB: Set the CPU Frequency Scaling governor to "ondemand"...
         Stopping Regular background program processing daemon...
         Stopping LSB: Apache2 web server...
         Stopping D-Bus System Message Bus...
         Stopping LSB: daemon to balance interrupts for SMP systems...
[[0;32m  OK  [0m] Stopped target Login Prompts.
         Stopping Getty on tty1...
         Stopping Serial Getty on ttyS0...
         Stopping Virtualbox guest utils...
         Stopping Zabbix Server...
         Stopping LSB: Record successful boot for GRUB...
         Stopping LSB: automatic crash report generation...
         Stopping LSB: SNMP agents...
         Stopping FUSE filesystem for LXC...
         Stopping Unattended Upgrades Shutdown...
[[0;32m  OK  [0m] Stopped Message of the Day.
         Stopping Session 4 of user vagrant.
[[0;32m  OK  [0m] Stopped Daily Cleanup of Temporary Directories.
         Stopping LSB: MD monitoring daemon...
         Stopping System Logging Service...
         Stopping Zabbix Agent...
[[0;32m  OK  [0m] Unmounted /var/lib/lxcfs.
[[0;32m  OK  [0m] Stopped Regular background program processing daemon.
[[0;32m  OK  [0m] Stopped ACPI event daemon.
[[0;32m  OK  [0m] Stopped Deferred execution scheduler.
[[0;32m  OK  [0m] Stopped Accounts Service.
[[0;32m  OK  [0m] Stopped System Logging Service.
[[0;32m  OK  [0m] Stopped Unattended Upgrades Shutdown.
[[0;32m  OK  [0m] Stopped Serial Getty on ttyS0.
[[0;32m  OK  [0m] Stopped Getty on tty1.
[[0;32m  OK  [0m] Stopped Authenticate and Authorize Users to Run Privileged Tasks.
[[0;32m  OK  [0m] Stopped OpenBSD Secure Shell server.
[[0;32m  OK  [0m] Stopped User Manager for UID 1000.
[[0;32m  OK  [0m] Stopped D-Bus System Message Bus.
[[0;32m  OK  [0m] Stopped Zabbix Server.
[[0;32m  OK  [0m] Stopped Session 4 of user vagrant.
[[0;32m  OK  [0m] Stopped Zabbix Agent.
[[0;32m  OK  [0m] Stopped FUSE filesystem for LXC.
[[0;32m  OK  [0m] Stopped LXD - container startup/shutdown.
[[0;32m  OK  [0m] Stopped LSB: Set the CPU Frequency Scaling governor to "ondemand".
[[0;32m  OK  [0m] Stopped LSB: daemon to balance interrupts for SMP systems.
[[0;32m  OK  [0m] Stopped LSB: Record successful boot for GRUB.
         Stopping LSB: Start and stop the mysql database server daemon...
[[0;32m  OK  [0m] Removed slice User Slice of vagrant.
[[0;32m  OK  [0m] Removed slice system-getty.slice.
[[0;32m  OK  [0m] Removed slice system-serial\x2dgetty.slice.
         Stopping Permit User Sessions...
[[0;32m  OK  [0m] Stopped /etc/rc.local Compatibility.
         Stopping Login Service...
[[0;32m  OK  [0m] Stopped LSB: automatic crash report generation.
[[0;32m  OK  [0m] Stopped LSB: SNMP agents.
[[0;32m  OK  [0m] Stopped LSB: MD monitoring daemon.
[[0;32m  OK  [0m] Stopped Permit User Sessions.
[[0;32m  OK  [0m] Stopped Virtualbox guest utils.
[[0;32m  OK  [0m] Stopped Login Service.
[[0;32m  OK  [0m] Stopped target User and Group Name Lookups.
[[0;32m  OK  [0m] Stopped LSB: Apache2 web server.
[[0;32m  OK  [0m] Stopped LSB: Start and stop the mysql database server daemon.
[[0;32m  OK  [0m] Stopped target System Time Synchronized.
[[0;32m  OK  [0m] Stopped target Basic System.
[[0;32m  OK  [0m] Stopped target Paths.
[[0;32m  OK  [0m] Stopped Forward Password Requests to Wall Directory Watch.
[[0;32m  OK  [0m] Stopped Dispatch Password Requests to Console Directory Watch.
[[0;32m  OK  [0m] Stopped ACPI Events Check.
[[0;32m  OK  [0m] Stopped target Sockets.
[[0;32m  OK  [0m] Closed LXD - unix socket.
[[0;32m  OK  [0m] Closed UUID daemon activation socket.
[[0;32m  OK  [0m] Closed D-Bus System Message Bus Socket.
[[0;32m  OK  [0m] Closed Socket activation for snappy daemon.
[[0;32m  OK  [0m] Closed Syslog Socket.
[[0;32m  OK  [0m] Closed ACPID Listen Socket.
[[0;32m  OK  [0m] Stopped target Slices.
[[0;32m  OK  [0m] Removed slice User and Session Slice.
[[0;32m  OK  [0m] Stopped target System Initialization.
[[0;32m  OK  [0m] Stopped target Swap.
[[0;32m  OK  [0m] Stopped target Encrypted Volumes.
[[0;32m  OK  [0m] Stopped Commit a transient machine-id on disk.
         Stopping Load/Save Random Seed...
         Stopping Update UTMP about System Boot/Shutdown...
[[0;32m  OK  [0m] Stopped target Remote File Systems.
[[0;32m  OK  [0m] Stopped target Remote File Systems (Pre).
         Stopping Login to default iSCSI targets...
[[0;32m  OK  [0m] Stopped Load/Save Random Seed.
[[0;32m  OK  [0m] Stopped Update UTMP about System Boot/Shutdown.
[[0;32m  OK  [0m] Stopped Create Volatile Files and Directories.
[[0;32m  OK  [0m] Stopped Login to default iSCSI targets.
         Stopping iSCSI initiator daemon (iscsid)...
[[0;32m  OK  [0m] Stopped iSCSI initiator daemon (iscsid).
[[0;32m  OK  [0m] Stopped target Network is Online.
[[0;32m  OK  [0m] Stopped Initial cloud-init job (metadata service crawler).
[[0;32m  OK  [0m] Stopped target Network.
         Stopping Raise network interfaces...
[[0;32m  OK  [0m] Stopped Raise network interfaces.
[[0;32m  OK  [0m] Stopped Apply Kernel Variables.
[[0;32m  OK  [0m] Stopped target Local File Systems.
         Unmounting /run/user/1000...
         Unmounting /vagrant...
[[0;32m  OK  [0m] Stopped target Network (Pre).
[[0;32m  OK  [0m] Stopped Initial cloud-init job (pre-networking).
[[0;32m  OK  [0m] Stopped Load Kernel Modules.
[[0;32m  OK  [0m] Unmounted /run/user/1000.
[[0;32m  OK  [0m] Unmounted /vagrant.
[[0;32m  OK  [0m] Reached target Unmount All Filesystems.
[[0;32m  OK  [0m] Stopped target Local File Systems (Pre).
         Stopping Monitoring of LVM2 mirrors... dmeventd or progress polling...
[[0;32m  OK  [0m] Stopped Remount Root and Kernel File Systems.
[[0;32m  OK  [0m] Stopped Create Static Device Nodes in /dev.
[[0;32m  OK  [0m] Reached target Shutdown.
[31623.685407] reboot: Power down
