[    0.000000] Linux version 4.15.0-163-generic (buildd@lcy01-amd64-021) (gcc version 7.5.0 (Ubuntu 7.5.0-3ubuntu1~18.04)) #171-Ubuntu SMP Fri Nov 5 11:55:11 UTC 2021 (Ubuntu 4.15.0-163.171-generic 4.15.18)
[    0.000000] Command line: BOOT_IMAGE=/boot/vmlinuz-4.15.0-163-generic root=LABEL=cloudimg-rootfs ro console=tty1 console=ttyS0
[    0.000000] KERNEL supported cpus:
[    0.000000]   Intel GenuineIntel
[    0.000000]   AMD AuthenticAMD
[    0.000000]   Centaur CentaurHauls
[    0.000000] [Firmware Bug]: TSC doesn't count with P0 frequency!
[    0.000000] random: get_random_u32 called from bsp_init_amd+0x207/0x2c0 with crng_init=0
[    0.000000] x86/fpu: Supporting XSAVE feature 0x001: 'x87 floating point registers'
[    0.000000] x86/fpu: Supporting XSAVE feature 0x002: 'SSE registers'
[    0.000000] x86/fpu: Supporting XSAVE feature 0x004: 'AVX registers'
[    0.000000] x86/fpu: xstate_offset[2]:  576, xstate_sizes[2]:  256
[    0.000000] x86/fpu: Enabled xstate features 0x7, context size is 832 bytes, using 'standard' format.
[    0.000000] e820: BIOS-provided physical RAM map:
[    0.000000] BIOS-e820: [mem 0x0000000000000000-0x000000000009fbff] usable
[    0.000000] BIOS-e820: [mem 0x000000000009fc00-0x000000000009ffff] reserved
[    0.000000] BIOS-e820: [mem 0x00000000000f0000-0x00000000000fffff] reserved
[    0.000000] BIOS-e820: [mem 0x0000000000100000-0x000000003ffeffff] usable
[    0.000000] BIOS-e820: [mem 0x000000003fff0000-0x000000003fffffff] ACPI data
[    0.000000] BIOS-e820: [mem 0x00000000fec00000-0x00000000fec00fff] reserved
[    0.000000] BIOS-e820: [mem 0x00000000fee00000-0x00000000fee00fff] reserved
[    0.000000] BIOS-e820: [mem 0x00000000fffc0000-0x00000000ffffffff] reserved
[    0.000000] NX (Execute Disable) protection: active
[    0.000000] SMBIOS 2.5 present.
[    0.000000] DMI: innotek GmbH VirtualBox/VirtualBox, BIOS VirtualBox 12/01/2006
[    0.000000] Hypervisor detected: KVM
[    0.000000] AGP: No AGP bridge found
[    0.000000] e820: last_pfn = 0x3fff0 max_arch_pfn = 0x400000000
[    0.000000] MTRR: Disabled
[    0.000000] x86/PAT: MTRRs disabled, skipping PAT initialization too.
[    0.000000] CPU MTRRs all blank - virtualized system.
[    0.000000] x86/PAT: Configuration [0-7]: WB  WT  UC- UC  WB  WT  UC- UC  
[    0.000000] found SMP MP-table at [mem 0x0009fff0-0x0009ffff]
[    0.000000] Scanning 1 areas for low memory corruption
[    0.000000] RAMDISK: [mem 0x359cd000-0x36cddfff]
[    0.000000] ACPI: Early table checksum verification disabled
[    0.000000] ACPI: RSDP 0x00000000000E0000 000024 (v02 VBOX  )
[    0.000000] ACPI: XSDT 0x000000003FFF0030 00003C (v01 VBOX   VBOXXSDT 00000001 ASL  00000061)
[    0.000000] ACPI: FACP 0x000000003FFF00F0 0000F4 (v04 VBOX   VBOXFACP 00000001 ASL  00000061)
[    0.000000] ACPI: DSDT 0x000000003FFF0470 002325 (v02 VBOX   VBOXBIOS 00000002 INTL 20100528)
[    0.000000] ACPI: FACS 0x000000003FFF0200 000040
[    0.000000] ACPI: FACS 0x000000003FFF0200 000040
[    0.000000] ACPI: APIC 0x000000003FFF0240 00005C (v02 VBOX   VBOXAPIC 00000001 ASL  00000061)
[    0.000000] ACPI: SSDT 0x000000003FFF02A0 0001CC (v01 VBOX   VBOXCPUT 00000002 INTL 20100528)
[    0.000000] ACPI: Reserving FACP table memory at [mem 0x3fff00f0-0x3fff01e3]
[    0.000000] ACPI: Reserving DSDT table memory at [mem 0x3fff0470-0x3fff2794]
[    0.000000] ACPI: Reserving FACS table memory at [mem 0x3fff0200-0x3fff023f]
[    0.000000] ACPI: Reserving FACS table memory at [mem 0x3fff0200-0x3fff023f]
[    0.000000] ACPI: Reserving APIC table memory at [mem 0x3fff0240-0x3fff029b]
[    0.000000] ACPI: Reserving SSDT table memory at [mem 0x3fff02a0-0x3fff046b]
[    0.000000] No NUMA configuration found
[    0.000000] Faking a node at [mem 0x0000000000000000-0x000000003ffeffff]
[    0.000000] NODE_DATA(0) allocated [mem 0x3ffc5000-0x3ffeffff]
[    0.000000] kvm-clock: cpu 0, msr 0:3ff44001, primary cpu clock
[    0.000000] kvm-clock: Using msrs 4b564d01 and 4b564d00
[    0.000000] kvm-clock: using sched offset of 4096014954 cycles
[    0.000000] clocksource: kvm-clock: mask: 0xffffffffffffffff max_cycles: 0x1cd42e4dffb, max_idle_ns: 881590591483 ns
[    0.000000] Zone ranges:
[    0.000000]   DMA      [mem 0x0000000000001000-0x0000000000ffffff]
[    0.000000]   DMA32    [mem 0x0000000001000000-0x000000003ffeffff]
[    0.000000]   Normal   empty
[    0.000000]   Device   empty
[    0.000000] Movable zone start for each node
[    0.000000] Early memory node ranges
[    0.000000]   node   0: [mem 0x0000000000001000-0x000000000009efff]
[    0.000000]   node   0: [mem 0x0000000000100000-0x000000003ffeffff]
[    0.000000] Reserved but unavailable: 104 pages
[    0.000000] Initmem setup node 0 [mem 0x0000000000001000-0x000000003ffeffff]
[    0.000000] ACPI: PM-Timer IO Port: 0x4008
[    0.000000] IOAPIC[0]: apic_id 2, version 32, address 0xfec00000, GSI 0-23
[    0.000000] ACPI: INT_SRC_OVR (bus 0 bus_irq 0 global_irq 2 dfl dfl)
[    0.000000] ACPI: INT_SRC_OVR (bus 0 bus_irq 9 global_irq 9 low level)
[    0.000000] Using ACPI (MADT) for SMP configuration information
[    0.000000] smpboot: Allowing 2 CPUs, 0 hotplug CPUs
[    0.000000] PM: Registered nosave memory: [mem 0x00000000-0x00000fff]
[    0.000000] PM: Registered nosave memory: [mem 0x0009f000-0x0009ffff]
[    0.000000] PM: Registered nosave memory: [mem 0x000a0000-0x000effff]
[    0.000000] PM: Registered nosave memory: [mem 0x000f0000-0x000fffff]
[    0.000000] e820: [mem 0x40000000-0xfebfffff] available for PCI devices
[    0.000000] Booting paravirtualized kernel on KVM
[    0.000000] clocksource: refined-jiffies: mask: 0xffffffff max_cycles: 0xffffffff, max_idle_ns: 7645519600211568 ns
[    0.000000] setup_percpu: NR_CPUS:8192 nr_cpumask_bits:2 nr_cpu_ids:2 nr_node_ids:1
[    0.000000] percpu: Embedded 45 pages/cpu s147456 r8192 d28672 u1048576
[    0.000000] PV qspinlock hash table entries: 256 (order: 0, 4096 bytes)
[    0.000000] Built 1 zonelists, mobility grouping on.  Total pages: 257913
[    0.000000] Policy zone: DMA32
[    0.000000] Kernel command line: BOOT_IMAGE=/boot/vmlinuz-4.15.0-163-generic root=LABEL=cloudimg-rootfs ro console=tty1 console=ttyS0
[    0.000000] AGP: Checking aperture...
[    0.000000] AGP: No AGP bridge found
[    0.000000] Memory: 982712K/1048120K available (12300K kernel code, 2483K rwdata, 4320K rodata, 2448K init, 2724K bss, 65408K reserved, 0K cma-reserved)
[    0.000000] SLUB: HWalign=64, Order=0-3, MinObjects=0, CPUs=2, Nodes=1
[    0.000000] ftrace: allocating 39476 entries in 155 pages
[    0.004000] Hierarchical RCU implementation.
[    0.004000] 	RCU restricting CPUs from NR_CPUS=8192 to nr_cpu_ids=2.
[    0.004000] 	Tasks RCU enabled.
[    0.004000] RCU: Adjusting geometry for rcu_fanout_leaf=16, nr_cpu_ids=2
[    0.004000] NR_IRQS: 524544, nr_irqs: 440, preallocated irqs: 16
[    0.004000] Console: colour VGA+ 80x25
[    0.004000] console [tty1] enabled
[    0.004000] console [ttyS0] enabled
[    0.004000] ACPI: Core revision 20170831
[    0.004000] ACPI: 2 ACPI AML tables successfully acquired and loaded
[    0.004000] APIC: Switch to symmetric I/O mode setup
[    0.004000] x2apic enabled
[    0.004000] Switched APIC routing to physical x2apic.
[    0.004000] ..TIMER: vector=0x30 apic1=0 pin1=2 apic2=-1 pin2=-1
[    0.004006] tsc: Detected 4000.012 MHz processor
[    0.008009] Calibrating delay loop (skipped) preset value.. 8000.02 BogoMIPS (lpj=16000048)
[    0.009888] pid_max: default: 32768 minimum: 301
[    0.010977] Security Framework initialized
[    0.012002] Yama: becoming mindful.
[    0.013172] AppArmor: AppArmor initialized
[    0.014845] Dentry cache hash table entries: 131072 (order: 8, 1048576 bytes)
[    0.016075] Inode-cache hash table entries: 65536 (order: 7, 524288 bytes)
[    0.017501] Mount-cache hash table entries: 2048 (order: 2, 16384 bytes)
[    0.018829] Mountpoint-cache hash table entries: 2048 (order: 2, 16384 bytes)
[    0.020256] Last level iTLB entries: 4KB 512, 2MB 1024, 4MB 512
[    0.022315] Last level dTLB entries: 4KB 1024, 2MB 1024, 4MB 512, 1GB 0
[    0.024004] Spectre V1 : Mitigation: usercopy/swapgs barriers and __user pointer sanitization
[    0.025730] Spectre V2 : Spectre mitigation: LFENCE not serializing, switching to generic retpoline
[    0.028001] Spectre V2 : Mitigation: Full generic retpoline
[    0.029228] Spectre V2 : Spectre v2 / SpectreRSB mitigation: Filling RSB on context switch
[    0.032010] Speculative Store Bypass: Mitigation: Speculative Store Bypass disabled via prctl and seccomp
[    0.034088] Freeing SMP alternatives memory: 36K
[    0.145236] smpboot: CPU0: AMD FX(tm)-8350 Eight-Core Processor (family: 0x15, model: 0x2, stepping: 0x0)
[    0.147845] Performance Events: PMU not available due to virtualization, using software events only.
[    0.148053] Hierarchical SRCU implementation.
[    0.149799] NMI watchdog: Perf event create on CPU 0 failed with -2
[    0.152007] NMI watchdog: Perf NMI watchdog permanently disabled
[    0.153621] smp: Bringing up secondary CPUs ...
[    0.155281] x86: Booting SMP configuration:
[    0.156004] .... node  #0, CPUs:      #1
[    0.004000] kvm-clock: cpu 1, msr 0:3ff44041, secondary cpu clock
[    0.160033] smp: Brought up 1 node, 2 CPUs
[    0.161232] smpboot: Max logical packages: 1
[    0.162673] smpboot: Total of 2 processors activated (16000.04 BogoMIPS)
[    0.164159] devtmpfs: initialized
[    0.165006] x86/mm: Memory block size: 128MB
[    0.166245] evm: security.selinux
[    0.167158] evm: security.SMACK64
[    0.168003] evm: security.SMACK64EXEC
[    0.169237] evm: security.SMACK64TRANSMUTE
[    0.171083] evm: security.SMACK64MMAP
[    0.172003] evm: security.apparmor
[    0.172902] evm: security.ima
[    0.173588] evm: security.capability
[    0.176109] clocksource: jiffies: mask: 0xffffffff max_cycles: 0xffffffff, max_idle_ns: 7645041785100000 ns
[    0.178144] futex hash table entries: 512 (order: 3, 32768 bytes)
[    0.180000] pinctrl core: initialized pinctrl subsystem
[    0.180117] RTC time: 13:09:30, date: 12/05/21
[    0.181383] NET: Registered protocol family 16
[    0.182617] audit: initializing netlink subsys (disabled)
[    0.184039] audit: type=2000 audit(1638709776.278:1): state=initialized audit_enabled=0 res=1
[    0.188004] cpuidle: using governor ladder
[    0.188035] cpuidle: using governor menu
[    0.189409] ACPI: bus type PCI registered
[    0.192004] acpiphp: ACPI Hot Plug PCI Controller Driver version: 0.5
[    0.193690] PCI: Using configuration type 1 for base access
[    0.194868] PCI: Using configuration type 1 for extended access
[    0.197254] HugeTLB registered 2.00 MiB page size, pre-allocated 0 pages
[    0.200077] ACPI: Added _OSI(Module Device)
[    0.200077] ACPI: Added _OSI(Processor Device)
[    0.201105] ACPI: Added _OSI(3.0 _SCP Extensions)
[    0.202216] ACPI: Added _OSI(Processor Aggregator Device)
[    0.204004] ACPI: Added _OSI(Linux-Dell-Video)
[    0.204949] ACPI: Added _OSI(Linux-Lenovo-NV-HDMI-Audio)
[    0.206199] ACPI: Added _OSI(Linux-HPI-Hybrid-Graphics)
[    0.207607] ACPI: Executed 1 blocks of module-level executable AML code
[    0.212352] ACPI: Interpreter enabled
[    0.213513] ACPI: (supports S0 S5)
[    0.214638] ACPI: Using IOAPIC for interrupt routing
[    0.216269] PCI: Using host bridge windows from ACPI; if necessary, use "pci=nocrs" and report a bug
[    0.218596] ACPI: Enabled 2 GPEs in block 00 to 07
[    0.226327] ACPI: PCI Root Bridge [PCI0] (domain 0000 [bus 00-ff])
[    0.227779] acpi PNP0A03:00: _OSC: OS supports [ExtendedConfig ASPM ClockPM Segments MSI]
[    0.229021] acpi PNP0A03:00: _OSC: platform does not support [PCIeCapability]
[    0.232498] acpi PNP0A03:00: _OSC: not requesting control; platform does not support [PCIeCapability]
[    0.236004] acpi PNP0A03:00: _OSC: OS requested [PCIeHotplug PME AER PCIeCapability]
[    0.238219] acpi PNP0A03:00: _OSC: platform willing to grant [PCIeHotplug PME AER]
[    0.240003] acpi PNP0A03:00: _OSC failed (AE_SUPPORT); disabling ASPM
[    0.241981] PCI host bridge to bus 0000:00
[    0.242972] pci_bus 0000:00: root bus resource [io  0x0000-0x0cf7 window]
[    0.244004] pci_bus 0000:00: root bus resource [io  0x0d00-0xffff window]
[    0.245301] pci_bus 0000:00: root bus resource [mem 0x000a0000-0x000bffff window]
[    0.248003] pci_bus 0000:00: root bus resource [mem 0x40000000-0xfdffffff window]
[    0.249607] pci_bus 0000:00: root bus resource [bus 00-ff]
[    0.254537] pci 0000:00:01.1: legacy IDE quirk: reg 0x10: [io  0x01f0-0x01f7]
[    0.256006] pci 0000:00:01.1: legacy IDE quirk: reg 0x14: [io  0x03f6]
[    0.257686] pci 0000:00:01.1: legacy IDE quirk: reg 0x18: [io  0x0170-0x0177]
[    0.259521] pci 0000:00:01.1: legacy IDE quirk: reg 0x1c: [io  0x0376]
[    0.278122] pci 0000:00:07.0: quirk: [io  0x4000-0x403f] claimed by PIIX4 ACPI
[    0.280003] pci 0000:00:07.0: quirk: [io  0x4100-0x410f] claimed by PIIX4 SMB
[    0.292038] ACPI: PCI Interrupt Link [LNKA] (IRQs 5 9 10 *11)
[    0.293866] ACPI: PCI Interrupt Link [LNKB] (IRQs 5 9 *10 11)
[    0.296100] ACPI: PCI Interrupt Link [LNKC] (IRQs 5 *9 10 11)
[    0.297741] ACPI: PCI Interrupt Link [LNKD] (IRQs 5 9 10 *11)
[    0.299532] SCSI subsystem initialized
[    0.300042] pci 0000:00:02.0: vgaarb: setting as boot VGA device
[    0.301554] pci 0000:00:02.0: vgaarb: VGA device added: decodes=io+mem,owns=io+mem,locks=none
[    0.303942] pci 0000:00:02.0: vgaarb: bridge control possible
[    0.304004] vgaarb: loaded
[    0.304633] ACPI: bus type USB registered
[    0.305500] usbcore: registered new interface driver usbfs
[    0.306699] usbcore: registered new interface driver hub
[    0.308010] usbcore: registered new device driver usb
[    0.309010] EDAC MC: Ver: 3.0.0
[    0.312047] PCI: Using ACPI for IRQ routing
[    0.313635] NetLabel: Initializing
[    0.314730] NetLabel:  domain hash size = 128
[    0.316002] NetLabel:  protocols = UNLABELED CIPSOv4 CALIPSO
[    0.317462] NetLabel:  unlabeled traffic allowed by default
[    0.320076] clocksource: Switched to clocksource kvm-clock
[    0.335114] VFS: Disk quotas dquot_6.6.0
[    0.336275] VFS: Dquot-cache hash table entries: 512 (order 0, 4096 bytes)
[    0.338277] AppArmor: AppArmor Filesystem Enabled
[    0.339944] pnp: PnP ACPI init
[    0.341936] pnp: PnP ACPI: found 3 devices
[    0.352375] clocksource: acpi_pm: mask: 0xffffff max_cycles: 0xffffff, max_idle_ns: 2085701024 ns
[    0.354867] NET: Registered protocol family 2
[    0.356030] IP idents hash table entries: 16384 (order: 5, 131072 bytes)
[    0.358139] TCP established hash table entries: 8192 (order: 4, 65536 bytes)
[    0.360366] TCP bind hash table entries: 8192 (order: 5, 131072 bytes)
[    0.362278] TCP: Hash tables configured (established 8192 bind 8192)
[    0.363784] UDP hash table entries: 512 (order: 2, 16384 bytes)
[    0.365356] UDP-Lite hash table entries: 512 (order: 2, 16384 bytes)
[    0.366806] NET: Registered protocol family 1
[    0.367863] pci 0000:00:00.0: Limiting direct PCI/PCI transfers
[    0.369550] pci 0000:00:01.0: Activating ISA DMA hang workarounds
[    0.371286] pci 0000:00:02.0: Video device with shadowed ROM at [mem 0x000c0000-0x000dffff]
[    0.373804] Unpacking initramfs...
[    0.672597] Freeing initrd memory: 19524K
[    0.673808] clocksource: tsc: mask: 0xffffffffffffffff max_cycles: 0x39a867f8dca, max_idle_ns: 440795204254 ns
[    0.676619] platform rtc_cmos: registered platform RTC device (no PNP device found)
[    0.678797] Scanning for low memory corruption every 60 seconds
[    0.681184] Initialise system trusted keyrings
[    0.682127] Key type blacklist registered
[    0.683075] workingset: timestamp_bits=36 max_order=18 bucket_order=0
[    0.685669] zbud: loaded
[    0.686756] squashfs: version 4.0 (2009/01/31) Phillip Lougher
[    0.688999] fuse init (API version 7.26)
[    0.693634] Key type asymmetric registered
[    0.694514] Asymmetric key parser 'x509' registered
[    0.695574] Block layer SCSI generic (bsg) driver version 0.4 loaded (major 246)
[    0.697198] io scheduler noop registered
[    0.698126] io scheduler deadline registered
[    0.699074] io scheduler cfq registered (default)
[    0.700449] ACPI: AC Adapter [AC] (on-line)
[    0.701518] input: Power Button as /devices/LNXSYSTM:00/LNXPWRBN:00/input/input0
[    0.703094] ACPI: Power Button [PWRF]
[    0.704347] input: Sleep Button as /devices/LNXSYSTM:00/LNXSLPBN:00/input/input1
[    0.705950] ACPI: Sleep Button [SLPF]
[    0.707062] Serial: 8250/16550 driver, 32 ports, IRQ sharing enabled
[    0.729154] 00:02: ttyS0 at I/O 0x3f8 (irq = 4, base_baud = 115200) is a 16550A
[    0.735269] Linux agpgart interface v0.103
[    0.738768] loop: module loaded
[    0.740199] scsi host0: ata_piix
[    0.741221] scsi host1: ata_piix
[    0.742081] ata1: PATA max UDMA/33 cmd 0x1f0 ctl 0x3f6 bmdma 0xd000 irq 14
[    0.743441] ata2: PATA max UDMA/33 cmd 0x170 ctl 0x376 bmdma 0xd008 irq 15
[    0.745166] libphy: Fixed MDIO Bus: probed
[    0.746133] tun: Universal TUN/TAP device driver, 1.6
[    0.747344] PPP generic driver version 2.4.2
[    0.748485] ehci_hcd: USB 2.0 'Enhanced' Host Controller (EHCI) Driver
[    0.750232] ehci-pci: EHCI PCI platform driver
[    0.751363] ehci-platform: EHCI generic platform driver
[    0.752728] ohci_hcd: USB 1.1 'Open' Host Controller (OHCI) Driver
[    0.754581] ohci-pci: OHCI PCI platform driver
[    0.755685] ohci-platform: OHCI generic platform driver
[    0.757134] uhci_hcd: USB Universal Host Controller Interface driver
[    0.758845] i8042: PNP: PS/2 Controller [PNP0303:PS2K,PNP0f03:PS2M] at 0x60,0x64 irq 1,12
[    0.761620] serio: i8042 KBD port at 0x60,0x64 irq 1
[    0.762978] serio: i8042 AUX port at 0x60,0x64 irq 12
[    0.764510] mousedev: PS/2 mouse device common for all mice
[    0.766008] input: AT Translated Set 2 keyboard as /devices/platform/i8042/serio0/input/input2
[    0.768449] rtc_cmos rtc_cmos: rtc core: registered rtc_cmos as rtc0
[    0.769829] rtc_cmos rtc_cmos: alarms up to one day, 114 bytes nvram
[    0.771366] i2c /dev entries driver
[    0.772164] device-mapper: uevent: version 1.0.3
[    0.773543] device-mapper: ioctl: 4.37.0-ioctl (2017-09-20) initialised: dm-devel@redhat.com
[    0.775547] ledtrig-cpu: registered to indicate activity on CPUs
[    0.777455] x86/pm: family 0x15 cpu detected, MSR saving is needed during suspending.
[    0.779350] NET: Registered protocol family 10
[    0.784409] Segment Routing with IPv6
[    0.785219] NET: Registered protocol family 17
[    0.786415] Key type dns_resolver registered
[    0.787950] mce: Using 0 MCE banks
[    0.788805] RAS: Correctable Errors collector initialized.
[    0.789976] sched_clock: Marking stable (788781385, 0)->(1027414342, -238632957)
[    0.791917] registered taskstats version 1
[    0.793142] Loading compiled-in X.509 certificates
[    0.796783] Loaded X.509 cert 'Build time autogenerated kernel key: f60a4c8d126e94dbf36c5faa43fb49029eeea9a9'
[    0.799846] Loaded X.509 cert 'Canonical Ltd. Live Patch Signing: 14df34d1a87cf37625abec039ef2bf521249b969'
[    0.802706] Loaded X.509 cert 'Canonical Ltd. Kernel Module Signing: 88f752e560a1e0737e31163a466ad7b70a850c19'
[    0.805407] zswap: loaded using pool lzo/zbud
[    0.809688] Key type big_key registered
[    0.810613] Key type trusted registered
[    0.813247] Key type encrypted registered
[    0.814159] AppArmor: AppArmor sha1 policy hashing enabled
[    0.815522] ima: No TPM chip found, activating TPM-bypass! (rc=-19)
[    0.817163] ima: Allocated hash algorithm: sha1
[    0.818205] evm: HMAC attrs: 0x1
[    0.819326]   Magic number: 1:407:179
[    0.820805] rtc_cmos rtc_cmos: setting system clock to 2021-12-05 13:09:31 UTC (1638709771)
[    0.822864] BIOS EDD facility v0.16 2004-Jun-25, 0 devices found
[    0.824512] EDD information not available.
[    0.932682] Freeing unused kernel image memory: 2448K
[    1.592760] Write protecting the kernel read-only data: 20480k
[    1.599317] Freeing unused kernel image memory: 2008K
[    1.605130] Freeing unused kernel image memory: 1824K
[    1.627936] x86/mm: Checked W+X mappings: passed, no W+X pages found.
Loading, please wait...
starting version 237
[    1.708578] Fusion MPT base driver 3.04.20
[    1.709975] Copyright (c) 1999-2008 LSI Corporation
[    1.713210] e1000: Intel(R) PRO/1000 Network Driver - version 7.3.21-k8-NAPI
[    1.715211] e1000: Copyright (c) 1999-2006 Intel Corporation.
[    1.720119] Fusion MPT SPI Host driver 3.04.20
[    1.725706] mptbase: ioc0: Initiating bringup
[    1.728040] AVX version of gcm_enc/dec engaged.
[    1.729118] AES CTR mode by8 optimization enabled
[    1.825275] ioc0: LSI53C1030 A0: Capabilities={Initiator}
[    1.927081] input: ImExPS/2 Generic Explorer Mouse as /devices/platform/i8042/serio1/input/input4
[    2.071398] scsi host2: ioc0: LSI53C1030 A0, FwRev=00000000h, Ports=1, MaxQ=256, IRQ=20
[    3.591047] scsi 2:0:0:0: Direct-Access     VBOX     HARDDISK         1.0  PQ: 0 ANSI: 5
[    3.620038] scsi target2:0:0: Beginning Domain Validation
[    3.622383] scsi target2:0:0: Domain Validation skipping write tests
[    3.623853] scsi target2:0:0: Ending Domain Validation
[    3.625242] scsi target2:0:0: asynchronous
[    3.626715] scsi 2:0:1:0: Direct-Access     VBOX     HARDDISK         1.0  PQ: 0 ANSI: 5
[    3.972499] scsi target2:0:1: Beginning Domain Validation
[    3.974634] random: fast init done
[    3.975809] scsi target2:0:1: Domain Validation skipping write tests
[    3.978839] scsi target2:0:1: Ending Domain Validation
[    3.980663] scsi target2:0:1: asynchronous
[    3.986765] random: systemd-udevd: uninitialized urandom read (16 bytes read)
[    3.989891] random: systemd-udevd: uninitialized urandom read (16 bytes read)
[    3.991829] random: systemd-udevd: uninitialized urandom read (16 bytes read)
[    3.993478] e1000 0000:00:03.0 eth0: (PCI:33MHz:32-bit) 02:7d:29:b7:e5:bc
[    3.994117] sd 2:0:0:0: [sda] 83886080 512-byte logical blocks: (42.9 GB/40.0 GiB)
[    3.995313] e1000 0000:00:03.0 eth0: Intel(R) PRO/1000 Network Connection
[    3.997098] sd 2:0:0:0: [sda] Write Protect is off
[    4.000126] sd 2:0:0:0: Attached scsi generic sg0 type 0
[    4.001897] sd 2:0:0:0: [sda] Incomplete mode parameter data
[    4.003385] sd 2:0:0:0: [sda] Assuming drive cache: write through
[    4.003569] sd 2:0:1:0: Attached scsi generic sg1 type 0
[    4.006598] sd 2:0:1:0: [sdb] 20480 512-byte logical blocks: (10.5 MB/10.0 MiB)
[    4.010700] sd 2:0:1:0: [sdb] Write Protect is off
[    4.012294] sd 2:0:1:0: [sdb] Incomplete mode parameter data
[    4.013606] sd 2:0:1:0: [sdb] Assuming drive cache: write through
[    4.015811]  sda: sda1
[    4.017406] sd 2:0:0:0: [sda] Attached SCSI disk
[    4.017603] sd 2:0:1:0: [sdb] Attached SCSI disk
[    4.390210] e1000 0000:00:08.0 eth1: (PCI:33MHz:32-bit) 08:00:27:1f:6c:b5
[    4.391970] e1000 0000:00:08.0 eth1: Intel(R) PRO/1000 Network Connection
[    4.394858] e1000 0000:00:08.0 enp0s8: renamed from eth1
[    4.414138] e1000 0000:00:03.0 enp0s3: renamed from eth0
Begin: Loading essential drivers ... [    6.132766] raid6: sse2x1   gen()  6797 MB/s
[    6.181620] raid6: sse2x1   xor()  4515 MB/s
[    6.228456] raid6: sse2x2   gen()  9704 MB/s
[    6.276303] raid6: sse2x2   xor()  7157 MB/s
[    6.324119] raid6: sse2x4   gen() 10086 MB/s
[    6.372205] raid6: sse2x4   xor()  5728 MB/s
[    6.373287] raid6: using algorithm sse2x4 gen() 10086 MB/s
[    6.374655] raid6: .... xor() 5728 MB/s, rmw enabled
[    6.375702] raid6: using ssse3x2 recovery algorithm
[    6.378133] xor: automatically using best checksumming function   avx       
[    6.380764] async_tx: api initialized (async)
done.
Begin: Running /scripts/init-premount ... done.
Begin: Mounting root file system ... Begin: Running /scripts/local-top ... done.
Begin: Running /scripts/local-premount ... [    6.430968] Btrfs loaded, crc32c=crc32c-intel
Scanning for Btrfs filesystems
done.
Warning: fsck not present, so skipping root file system
[    6.485694] EXT4-fs (sda1): mounted filesystem with ordered data mode. Opts: (null)
done.
Begin: Running /scripts/local-bottom ... done.
Begin: Running /scripts/init-bottom ... done.
[    7.469774] ip_tables: (C) 2000-2006 Netfilter Core Team
[    7.553225] systemd[1]: systemd 237 running in system mode. (+PAM +AUDIT +SELINUX +IMA +APPARMOR +SMACK +SYSVINIT +UTMP +LIBCRYPTSETUP +GCRYPT +GNUTLS +ACL +XZ +LZ4 +SECCOMP +BLKID +ELFUTILS +KMOD -IDN2 +IDN -PCRE2 default-hierarchy=hybrid)
[    7.563071] systemd[1]: Detected virtualization oracle.
[    7.566797] systemd[1]: Detected architecture x86-64.

Welcome to [1mUbuntu 18.04.6 LTS[0m!

[    7.622051] systemd[1]: Set hostname to <ubuntu-bionic>.
[    8.408654] random: crng init done
[    8.411598] random: 7 urandom warning(s) missed due to ratelimiting
[    9.318758] systemd[1]: Started Forward Password Requests to Wall Directory Watch.
[[0;32m  OK  [0m] Started Forward Password Requests to Wall Directory Watch.
[    9.322068] systemd[1]: Set up automount Arbitrary Executable File Formats File System Automount Point.
[[0;32m  OK  [0m] Set up automount Arbitrary Executab…rmats File System Automount Point.
[    9.327524] systemd[1]: Created slice System Slice.
[[0;32m  OK  [0m] Created slice System Slice.
[    9.329665] systemd[1]: Listening on udev Control Socket.
[[0;32m  OK  [0m] Listening on udev Control Socket.
[    9.331786] systemd[1]: Listening on Journal Socket (/dev/log).
[[0;32m  OK  [0m] Listening on Journal Socket (/dev/log).
[    9.334156] systemd[1]: Listening on Device-mapper event daemon FIFOs.
[[0;32m  OK  [0m] Listening on Device-mapper event daemon FIFOs.
[[0;32m  OK  [0m] Listening on Syslog Socket.
[[0;32m  OK  [0m] Listening on Journal Socket.
         Starting Uncomplicated firewall...
         Starting Load Kernel Modules...
[[0;32m  OK  [0m] Listening on Network Service Netlink Socket.
[[0;32m  OK  [0m] Listening on LVM2 metadata daemon socket.
[[0;32m  OK  [0m] Listening on fsck to fsckd communication Socket.
         Starting Create list of required st…ce nodes for the current kernel...
[[0;32m  OK  [0m] Reached target System Time Synchronized.
         Mounting Kernel Debug File System...
[[0;32m  OK  [0m] Listening on /dev/initctl Compatibility Named Pipe.
[[0;32m  OK  [0m] Listening on LVM2 poll daemon socket.
         Mounting POSIX Message Queue File System...
[[0;32m  OK  [0m] Reached target Swap.
         Starting Monitoring of LVM2 mirrors…ng dmeventd or progress polling...
         Starting Set the console keyboard layout...
         Mounting Huge Pages File System...
[[0;32m  OK  [0m] Listening on Journal Audit Socket.
         Starting Journal Service...
[[0;32m  OK  [0m] Listening on udev Kernel Socket.
[[0;32m  OK  [0m] Reached target User and Group Name Lookups.
[[0;32m  OK  [0m] Created slice User and Session Slice.
[[0;32m  OK  [0m] Reached target Slices.
         Starting udev Coldplug all Devices...
         Starting File System Check on Root Device...
[[0;32m  OK  [0m] Created slice system-serial\x2dgetty.slice.
[[0;32m  OK  [0m] Started Uncomplicated firewall.
[[0;32m  OK  [0m] Started Create list of required sta…vice nodes for the current kernel.
         Starting Create Static Device Nodes in /dev...
[    9.569044] Loading iSCSI transport class v2.0-870.
[[0;32m  OK  [0m] Mounted POSIX Message Queue File System.
[[0;32m  OK  [0m] Mounted Kernel Debug File System.
[[0;32m  OK  [0m] Mounted Huge Pages File System.
[[0;32m  OK  [0m] Started udev Coldplug all Devices.
[[0;32m  OK  [0m] Started File System Check Daemon to report status.
[[0;32m  OK  [0m] Started Journal Service.
[[0;32m  OK  [0m] Started File System Check on Root Device.
         Starting Remount Root and Kernel File Systems...
[    9.847149] iscsi: registered transport (tcp)
[[0;32m  OK  [0m] Started Create Static Device Nodes in /dev.
[[0;32m  OK  [0m] Started Set the console keyboard layout.
[   10.092011] iscsi: registered transport (iser)
[   10.093851] EXT4-fs (sda1): re-mounted. Opts: (null)
[[0;32m  OK  [0m] Started Load Kernel Modules.
[[0;32m  OK  [0m] Started Remount Root and Kernel File Systems.
         Starting udev Kernel Device Manager...
         Starting Load/Save Random Seed...
         Starting Flush Journal to Persistent Storage...
         Mounting FUSE Control File System...
         Mounting Kernel Configuration File System...
         Starting Apply Kernel Variables...
[[0;32m  OK  [0m] Mounted FUSE Control File System.
[[0;32m  OK  [0m] Mounted Kernel Configuration File System.
[[0;32m  OK  [0m] Started LVM2 metadata daemon.
[   10.186726] systemd-journald[408]: Received request to flush runtime journal from PID 1
[[0;32m  OK  [0m] Started udev Kernel Device Manager.
[[0;32m  OK  [0m] Started Dispatch Password Requests to Console Directory Watch.
[[0;32m  OK  [0m] Reached target Local Encrypted Volumes.
[[0;32m  OK  [0m] Started Load/Save Random Seed.
[[0;32m  OK  [0m] Started Apply Kernel Variables.
[[0;32m  OK  [0m] Started Monitoring of LVM2 mirrors,…sing dmeventd or progress polling.
[[0;32m  OK  [0m] Reached target Local File Systems (Pre).
[[0;32m  OK  [0m] Reached target Local File Systems.
         Starting Tell Plymouth To Write Out Runtime Data...
         Starting Set console font and keymap...
         Starting ebtables ruleset management...
         Starting AppArmor initialization...
[[0;32m  OK  [0m] Started Tell Plymouth To Write Out Runtime Data.
[[0;32m  OK  [0m] Started Set console font and keymap.
[[0;32m  OK  [0m] Found device /dev/ttyS0.
[[0;32m  OK  [0m] Listening on Load/Save RF Kill Switch Status /dev/rfkill Watch.
[[0;32m  OK  [0m] Started ebtables ruleset management.
[[0;32m  OK  [0m] Started Flush Journal to Persistent Storage.
         Starting Create Volatile Files and Directories...
[[0;32m  OK  [0m] Started Create Volatile Files and Directories.
         Starting Update UTMP about System Boot/Shutdown...
[[0;32m  OK  [0m] Started Update UTMP about System Boot/Shutdown.
[[0;32m  OK  [0m] Started AppArmor initialization.
         Starting Load AppArmor profiles managed internally by snapd...
         Starting Initial cloud-init job (pre-networking)...
[[0;32m  OK  [0m] Started Load AppArmor profiles managed internally by snapd.
[   18.871860] cloud-init[571]: Cloud-init v. 21.4-0ubuntu1~18.04.1 running 'init-local' at Sun, 05 Dec 2021 13:09:49 +0000. Up 18.36 seconds.
[[0;32m  OK  [0m] Started Initial cloud-init job (pre-networking).
[[0;32m  OK  [0m] Reached target Network (Pre).
         Starting Network Service...
[[0;32m  OK  [0m] Started Network Service.
         Starting Wait for Network to be Configured...
         Starting Network Name Resolution...
[[0;32m  OK  [0m] Started Network Name Resolution.
[[0;32m  OK  [0m] Reached target Network.
[[0;32m  OK  [0m] Reached target Host and Network Name Lookups.
[[0;32m  OK  [0m] Started Wait for Network to be Configured.
         Starting Initial cloud-init job (metadata service crawler)...
[   20.834677] cloud-init[696]: Cloud-init v. 21.4-0ubuntu1~18.04.1 running 'init' at Sun, 05 Dec 2021 13:09:51 +0000. Up 20.63 seconds.
[   20.837007] cloud-init[696]: ci-info: +++++++++++++++++++++++++++++++++++++++++++++Net device info+++++++++++++++++++++++++++++++++++++++++++++
[   20.840688] cloud-init[696]: ci-info: +--------+------+------------------------------------------+---------------+--------+-------------------+
[   20.852662] cloud-init[696]: ci-info: | Device |  Up  |                 Address                  |      Mask     | Scope  |     Hw-Address    |
[   20.855141] cloud-init[696]: ci-info: +--------+------+------------------------------------------+---------------+--------+-------------------+
[   20.857728] cloud-init[696]: ci-info: | enp0s3 | True |                10.0.2.15                 | 255.255.255.0 | global | 02:7d:29:b7:e5:bc |
[   20.859980] cloud-init[696]: ci-info: | enp0s3 | True |        fe80::7d:29ff:feb7:e5bc/64        |       .       |  link  | 02:7d:29:b7:e5:bc |
[   20.862211] cloud-init[696]: ci-info: | enp0s8 | True |               192.168.0.50               | 255.255.255.0 | global | 08:00:27:1f:6c:b5 |
[   20.864462] cloud-init[696]: ci-info: | enp0s8 | True |       2804:14d:7830:4684::1002/128       |       .       | global | 08:00:27:1f:6c:b5 |
[   20.866522] cloud-init[696]: ci-info: | enp0s8 | True | 2804:14d:7830:4684:a00:27ff:fe1f:6cb5/64 |       .       | global | 08:00:27:1f:6c:b5 |
[   20.868700] cloud-init[696]: ci-info: | enp0s8 | True |       fe80::a00:27ff:fe1f:6cb5/64        |       .       |  link  | 08:00:27:1f:6c:b5 |
[   20.870971] cloud-init[696]: ci-info: |   lo   | True |                127.0.0.1                 |   255.0.0.0   |  host  |         .         |
[   20.874162] cloud-init[696]: ci-info: |   lo   | True |                 ::1/128                  |       .       |  host  |         .         |
[   20.876531] cloud-init[696]: ci-info: +--------+------+------------------------------------------+---------------+--------+-------------------+
[   20.878961] cloud-init[696]: ci-info: ++++++++++++++++++++++++++++Route IPv4 info+++++++++++++++++++++++++++++
[   20.880693] cloud-init[696]: ci-info: +-------+-------------+----------+-----------------+-----------+-------+
[   20.882485] cloud-init[696]: ci-info: | Route | Destination | Gateway  |     Genmask     | Interface | Flags |
[   20.884174] cloud-init[696]: ci-info: +-------+-------------+----------+-----------------+-----------+-------+
[   20.885791] cloud-init[696]: ci-info: |   0   |   0.0.0.0   | 10.0.2.2 |     0.0.0.0     |   enp0s3  |   UG  |
[   20.887493] cloud-init[696]: ci-info: |   1   |   10.0.2.0  | 0.0.0.0  |  255.255.255.0  |   enp0s3  |   U   |
[   20.890161] cloud-init[696]: ci-info: |   2   |   10.0.2.2  | 0.0.0.0  | 255.255.255.255 |   enp0s3  |   UH  |
[   20.900456] cloud-init[696]: ci-info: |   3   | 192.168.0.0 | 0.0.0.0  |  255.255.255.0  |   enp0s8  |   U   |
[   20.901777] cloud-init[696]: ci-info: +-------+-------------+----------+-----------------+-----------+-------+
[   20.903360] cloud-init[696]: ci-info: ++++++++++++++++++++++++++++++++++Route IPv6 info++++++++++++++++++++++++++++++++++
[   20.905401] cloud-init[696]: ci-info: +-------+-------------------------+---------------------------+-----------+-------+
[   20.907960] cloud-init[696]: ci-info: | Route |       Destination       |          Gateway          | Interface | Flags |
[   20.909907] cloud-init[696]: ci-info: +-------+-------------------------+---------------------------+-----------+-------+
[   20.911445] cloud-init[696]: ci-info: |   1   | 2804:14d:7830:4684::/64 |             ::            |   enp0s8  |   U   |
[   20.913249] cloud-init[696]: ci-info: |   2   | 2804:14d:7830:4684::/64 | fe80::9a77:e7ff:fe7d:9f41 |   enp0s8  |   UG  |
[   20.924873] cloud-init[696]: ci-info: |   3   |        fe80::/64        |             ::            |   enp0s8  |   U   |
[   20.926587] cloud-init[696]: ci-info: |   4   |        fe80::/64        |             ::            |   enp0s3  |   U   |
[   20.928581] cloud-init[696]: ci-info: |   5   |           ::/0          | fe80::9a77:e7ff:fe7d:9f41 |   enp0s8  |   UG  |
[   20.930549] cloud-init[696]: ci-info: |   7   |          local          |             ::            |   enp0s3  |   U   |
[   20.932387] cloud-init[696]: ci-info: |   8   |          local          |             ::            |   enp0s8  |   U   |
[   20.934139] cloud-init[696]: ci-info: |   9   |         ff00::/8        |             ::            |   enp0s8  |   U   |
[   20.944341] cloud-init[696]: ci-info: |   10  |         ff00::/8        |             ::            |   enp0s3  |   U   |
[   20.945970] cloud-init[696]: ci-info: +-------+-------------------------+---------------------------+-----------+-------+
[[0;32m  OK  [0m] Started Initial cloud-init job (metadata service crawler).
[[0;32m  OK  [0m] Reached target Network is Online.
[[0;32m  OK  [0m] Reached target Remote File Systems (Pre).
         Starting Availability of block devices...
         Mounting /configs...
[[0;32m  OK  [0m] Reached target System Initialization.
[[0;32m  OK  [0m] Started Daily Cleanup of Temporary Directories.
[[0;32m  OK  [0m] Listening on D-Bus System Message Bus Socket.
[[0;32m  OK  [0m] Started Discard unused blocks once a week.
[[0;32m  OK  [0m] Listening on cloud-init hotplug hook socket.
[[0;32m  OK  [0m] Listening on ACPID Listen Socket.
[[0;32m  OK  [0m] Started ACPI Events Check.
         Starting LXD - unix socket.
[[0;32m  OK  [0m] Listening on Open-iSCSI iscsid Socket.
[[0;32m  OK  [0m] Listening on UUID daemon activation socket.
[[0;32m  OK  [0m] Started Daily apt download activities.
[[0;32m  OK  [0m] Started Message of the Day.
[[0;32m  OK  [0m] Started Ubuntu Advantage Timer for running repeated jobs.
[[0;32m  OK  [0m] Started Trigger to poll for Ubuntu …(Only enabled on GCP LTS non-pro).
[[0;32m  OK  [0m] Reached target Paths.
[[0;32m  OK  [0m] Started Daily apt upgrade and clean activities.
[[0;32m  OK  [0m] Reached target Timers.
         Starting Socket activation for snappy daemon.
[[0;32m  OK  [0m] Reached target Cloud-config availability.
[[0;32m  OK  [0m] Started Availability of block devices.
[[0;32m  OK  [0m] Listening on LXD - unix socket.
[[0;32m  OK  [0m] Listening on Socket activation for snappy daemon.
[[0;32m  OK  [0m] Reached target Sockets.
[[0;32m  OK  [0m] Reached target Basic System.
         Starting Accounts Service...
         Starting Virtualbox guest utils...
         Starting OpenBSD Secure Shell server...
         Starting LSB: Record successful boot for GRUB...
[[0;32m  OK  [0m] Started irqbalance daemon.
         Starting Dispatcher daemon for systemd-networkd...
[[0;32m  OK  [0m] Started D-Bus System Message Bus.
         Starting Login Service...
         Starting System Logging Service...
[[0;32m  OK  [0m] Started FUSE filesystem for LXC.
[[0;32m  OK  [0m] Started Regular background program processing daemon.
[[0;32m  OK  [0m] Started Deferred execution scheduler.
         Starting A high performance web server and a reverse proxy server...
         Starting Snap Daemon...
         Starting LXD - container startup/shutdown...
[[0;32m  OK  [0m] Mounted /configs.
[[0;32m  OK  [0m] Reached target Remote File Systems.
         Starting LSB: automatic crash report generation...
         Starting Permit User Sessions...
[[0;32m  OK  [0m] Started Login Service.
[[0;32m  OK  [0m] Started Unattended Upgrades Shutdown.
[[0;32m  OK  [0m] Started Permit User Sessions.
         Starting Terminate Plymouth Boot Screen...
         Starting Hold until boot process finishes up...
[[0;32m  OK  [0m] Started Hold until boot process finishes up.
[[0;32m  OK  [0m] Started Terminate Plymouth Boot Screen.
[[0;32m  OK  [0m] Started Serial Getty on ttyS0.
         Starting Set console scheme...
[[0;32m  OK  [0m] Started OpenBSD Secure Shell server.
[[0;32m  OK  [0m] Started System Logging Service.
[[0;32m  OK  [0m] Started Set console scheme.
[[0;32m  OK  [0m] Created slice system-getty.slice.
[[0;32m  OK  [0m] Started Getty on tty1.
[[0;32m  OK  [0m] Reached target Login Prompts.
         Starting Authorization Manager...
[[0;32m  OK  [0m] Started LSB: automatic crash report generation.
[[0;32m  OK  [0m] Started LSB: Record successful boot for GRUB.
[[0;32m  OK  [0m] Started Authorization Manager.
[[0;32m  OK  [0m] Started Accounts Service.
[[0;32m  OK  [0m] Started Virtualbox guest utils.
[[0;32m  OK  [0m] Started Dispatcher daemon for systemd-networkd.
[[0;32m  OK  [0m] Started A high performance web server and a reverse proxy server.
[[0;32m  OK  [0m] Started LXD - container startup/shutdown.
[[0;32m  OK  [0m] Created slice User Slice of vagrant.
         Starting User Manager for UID 1000...
[[0;32m  OK  [0m] Started Session 1 of user vagrant.
[   28.683754] cloud-init[1230]: Cloud-init v. 21.4-0ubuntu1~18.04.1 running 'modules:config' at Sun, 05 Dec 2021 13:09:59 +0000. Up 28.45 seconds.

Ubuntu 18.04.6 LTS ubuntu-bionic ttyS0

ubuntu-bionic login: [   29.499195] cloud-init[1280]: Cloud-init v. 21.4-0ubuntu1~18.04.1 running 'modules:final' at Sun, 05 Dec 2021 13:09:59 +0000. Up 29.21 seconds.
[   29.499363] cloud-init[1280]: Cloud-init v. 21.4-0ubuntu1~18.04.1 finished at Sun, 05 Dec 2021 13:10:00 +0000. Datasource DataSourceNoCloud [seed=/dev/sdb][dsmode=net].  Up 29.48 seconds
